{
  "stats": {
    "suites": 1,
    "tests": 3,
    "passes": 0,
    "pending": 0,
    "failures": 3,
    "start": "2024-12-23T15:37:52.129Z",
    "end": "2024-12-23T15:37:55.135Z",
    "duration": 3006,
    "testsRegistered": 3,
    "passPercent": 0,
    "pendingPercent": 0,
    "other": 0,
    "hasOther": false,
    "skipped": 0,
    "hasSkipped": false
  },
  "results": [
    {
      "uuid": "15e69aa8-1151-47d5-a448-570e0a572506",
      "title": "",
      "fullFile": "cypress/e2e/error/products/priceCheck.cy.js",
      "file": "cypress/e2e/error/products/priceCheck.cy.js",
      "beforeHooks": [],
      "afterHooks": [],
      "tests": [],
      "suites": [
        {
          "uuid": "22807536-6ec6-474b-8210-b8ad78b83df9",
          "title": "Test if the prices are shown correctly through the shopping proccess",
          "fullFile": "",
          "file": "",
          "beforeHooks": [],
          "afterHooks": [],
          "tests": [
            {
              "title": "Tests if the sum of prices from selected products are the same as in the checkout",
              "fullTitle": "Test if the prices are shown correctly through the shopping proccess Tests if the sum of prices from selected products are the same as in the checkout",
              "timedOut": null,
              "duration": 1167,
              "state": "failed",
              "speed": null,
              "pass": false,
              "fail": true,
              "pending": false,
              "context": null,
              "code": "let homeItemsList = [];\nlet cartItemsList = [];\nlet totalHomePrice;\nlet totalCartPrice;\ncy.addOrRemoveAllItems();\ncy.filterItems('inventory-list', homeItemsList).then(() => {\n  totalHomePrice = homeItemsList.reduce((accumulator, item) => {\n    return accumulator + item.price;\n  }, 0);\n});\ncy.get('[data-test=\"shopping-cart-link\"]').click();\ncy.get('[data-test=\"checkout\"]').click();\ncy.fillCheckoutForm('standard');\ncy.get('[data-test=\"continue\"]').click();\ncy.filterItems('cart-list', cartItemsList).then(() => {\n  totalCartPrice = cartItemsList.reduce((accumulator, item) => {\n    return accumulator + item.price;\n  }, 0);\n  expect(totalCartPrice).to.deep.equal(totalHomePrice);\n});\ncy.get('[data-test=\"subtotal-label\"]').then($value => {\n  const subtotalText = Cypress.$($value).text().trim();\n  const subtotal = parseFloat(subtotalText.replace('Item total: $', ''));\n  expect(subtotal).to.deep.equal(totalHomePrice);\n  expect(subtotal).to.deep.equal(totalCartPrice);\n});",
              "err": {
                "message": "Error: The following error originated from your application code, not from Cypress.\n\n  > Failed to add item to the cart.\n\nWhen Cypress detects uncaught errors originating from your application it will automatically fail the current test.\n\nThis behavior is configurable, and you can choose to turn this off by listening to the `uncaught:exception` event.\n\nhttps://on.cypress.io/uncaught-exception-from-application",
                "estack": "Error: The following error originated from your application code, not from Cypress.\n\n  > Failed to add item to the cart.\n\nWhen Cypress detects uncaught errors originating from your application it will automatically fail the current test.\n\nThis behavior is configurable, and you can choose to turn this off by listening to the `uncaught:exception` event.\n\nhttps://on.cypress.io/uncaught-exception-from-application\n    at <unknown> (https://www.saucedemo.com/static/js/main.018d2d1e.chunk.js:1:48083)\n    at r (https://www.saucedemo.com/static/js/main.018d2d1e.chunk.js:1:48147)\n    at Object.He (https://www.saucedemo.com/static/js/2.84a5cbf3.chunk.js:2:388533)\n    at Ye (https://www.saucedemo.com/static/js/2.84a5cbf3.chunk.js:2:388687)\n    at <unknown> (https://www.saucedemo.com/static/js/2.84a5cbf3.chunk.js:2:406912)\n    at Cr (https://www.saucedemo.com/static/js/2.84a5cbf3.chunk.js:2:407006)\n    at Tr (https://www.saucedemo.com/static/js/2.84a5cbf3.chunk.js:2:407421)\n    at <unknown> (https://www.saucedemo.com/static/js/2.84a5cbf3.chunk.js:2:413069)\n    at Fe (https://www.saucedemo.com/static/js/2.84a5cbf3.chunk.js:2:488790)\n    at <unknown> (https://www.saucedemo.com/static/js/2.84a5cbf3.chunk.js:2:408889)",
                "diff": null
              },
              "uuid": "3c76431d-45b4-4865-8ebf-efbbdbf7a4ac",
              "parentUUID": "22807536-6ec6-474b-8210-b8ad78b83df9",
              "isHook": false,
              "skipped": false
            },
            {
              "title": "Tests if the 8% tax is correctly calculated and being applied to the total",
              "fullTitle": "Test if the prices are shown correctly through the shopping proccess Tests if the 8% tax is correctly calculated and being applied to the total",
              "timedOut": null,
              "duration": 972,
              "state": "failed",
              "speed": null,
              "pass": false,
              "fail": true,
              "pending": false,
              "context": null,
              "code": "let homeItemsList = [];\nlet cartItemsList = [];\nlet totalHomePrice;\nlet totalCartPrice;\nlet subtotal;\ncy.addOrRemoveAllItems();\ncy.filterItems('inventory-list', homeItemsList).then(() => {\n  totalHomePrice = homeItemsList.reduce((accumulator, item) => {\n    return accumulator + item.price;\n  }, 0);\n});\ncy.get('[data-test=\"shopping-cart-link\"]').click();\ncy.get('[data-test=\"checkout\"]').click();\ncy.get('[data-test=\"firstName\"]').type('standard');\ncy.get('[data-test=\"lastName\"]').type('user');\ncy.get('[data-test=\"postalCode\"]').type('71000000');\ncy.get('[data-test=\"continue\"]').click();\ncy.filterItems('cart-list', cartItemsList).then(() => {\n  totalCartPrice = cartItemsList.reduce((accumulator, item) => {\n    return accumulator + item.price;\n  }, 0);\n  expect(totalCartPrice).to.deep.equal(totalHomePrice);\n});\ncy.get('[data-test=\"subtotal-label\"]').then($value => {\n  const subtotalText = Cypress.$($value).text().trim();\n  subtotal = parseFloat(subtotalText.replace('Item total: $', ''));\n  expect(subtotal).to.deep.equal(totalHomePrice);\n  expect(subtotal).to.deep.equal(totalCartPrice);\n});\ncy.get('[data-test=\"tax-label\"]').then($value => {\n  const taxText = Cypress.$($value).text().trim();\n  const tax = parseFloat(taxText.replace('Tax: $', ''));\n  const expectedTax = parseFloat((subtotal * (8 / 100)).toFixed(2));\n  const expectedHomeTax = parseFloat((totalHomePrice * (8 / 100)).toFixed(2));\n  const expectedCartTax = parseFloat((totalCartPrice * (8 / 100)).toFixed(2));\n  expect(tax).to.equal(expectedTax);\n  expect(tax).to.equal(expectedHomeTax);\n  expect(tax).to.equal(expectedCartTax);\n});",
              "err": {
                "message": "Error: The following error originated from your application code, not from Cypress.\n\n  > Failed to add item to the cart.\n\nWhen Cypress detects uncaught errors originating from your application it will automatically fail the current test.\n\nThis behavior is configurable, and you can choose to turn this off by listening to the `uncaught:exception` event.\n\nhttps://on.cypress.io/uncaught-exception-from-application",
                "estack": "Error: The following error originated from your application code, not from Cypress.\n\n  > Failed to add item to the cart.\n\nWhen Cypress detects uncaught errors originating from your application it will automatically fail the current test.\n\nThis behavior is configurable, and you can choose to turn this off by listening to the `uncaught:exception` event.\n\nhttps://on.cypress.io/uncaught-exception-from-application\n    at <unknown> (https://www.saucedemo.com/static/js/main.018d2d1e.chunk.js:1:48083)\n    at r (https://www.saucedemo.com/static/js/main.018d2d1e.chunk.js:1:48147)\n    at Object.He (https://www.saucedemo.com/static/js/2.84a5cbf3.chunk.js:2:388533)\n    at Ye (https://www.saucedemo.com/static/js/2.84a5cbf3.chunk.js:2:388687)\n    at <unknown> (https://www.saucedemo.com/static/js/2.84a5cbf3.chunk.js:2:406912)\n    at Cr (https://www.saucedemo.com/static/js/2.84a5cbf3.chunk.js:2:407006)\n    at Tr (https://www.saucedemo.com/static/js/2.84a5cbf3.chunk.js:2:407421)\n    at <unknown> (https://www.saucedemo.com/static/js/2.84a5cbf3.chunk.js:2:413069)\n    at Fe (https://www.saucedemo.com/static/js/2.84a5cbf3.chunk.js:2:488790)\n    at <unknown> (https://www.saucedemo.com/static/js/2.84a5cbf3.chunk.js:2:408889)",
                "diff": null
              },
              "uuid": "0ae7a2a0-9bbc-431e-9796-c7d1ec1a9f65",
              "parentUUID": "22807536-6ec6-474b-8210-b8ad78b83df9",
              "isHook": false,
              "skipped": false
            },
            {
              "title": "Tests if the final value corresponds to the sum of total/subtotal and tax",
              "fullTitle": "Test if the prices are shown correctly through the shopping proccess Tests if the final value corresponds to the sum of total/subtotal and tax",
              "timedOut": null,
              "duration": 780,
              "state": "failed",
              "speed": null,
              "pass": false,
              "fail": true,
              "pending": false,
              "context": null,
              "code": "let homeItemsList = [];\nlet cartItemsList = [];\nlet totalHomePrice;\nlet totalCartPrice;\nlet subtotal;\nlet expectedTax;\ncy.addOrRemoveAllItems();\ncy.filterItems('inventory-list', homeItemsList).then(() => {\n  totalHomePrice = homeItemsList.reduce((accumulator, item) => {\n    return accumulator + item.price;\n  }, 0);\n});\ncy.get('[data-test=\"shopping-cart-link\"]').click();\ncy.get('[data-test=\"checkout\"]').click();\ncy.get('[data-test=\"firstName\"]').type('standard');\ncy.get('[data-test=\"lastName\"]').type('user');\ncy.get('[data-test=\"postalCode\"]').type('71000000');\ncy.get('[data-test=\"continue\"]').click();\ncy.filterItems('cart-list', cartItemsList).then(() => {\n  totalCartPrice = cartItemsList.reduce((accumulator, item) => {\n    return accumulator + item.price;\n  }, 0);\n  expect(totalCartPrice).to.deep.equal(totalHomePrice);\n});\ncy.get('[data-test=\"subtotal-label\"]').then($value => {\n  const subtotalText = Cypress.$($value).text().trim();\n  subtotal = parseFloat(subtotalText.replace('Item total: $', ''));\n  expect(subtotal).to.deep.equal(totalHomePrice);\n  expect(subtotal).to.deep.equal(totalCartPrice);\n});\ncy.get('[data-test=\"tax-label\"]').then($value => {\n  const taxText = Cypress.$($value).text().trim();\n  const tax = parseFloat(taxText.replace('Tax: $', ''));\n  expectedTax = parseFloat((subtotal * (8 / 100)).toFixed(2));\n  expect(tax).to.equal(expectedTax);\n});\ncy.get('[data-test=\"total-label\"]').then($value => {\n  const finalPriceText = Cypress.$($value).text().trim();\n  const finalPrice = parseFloat(finalPriceText.replace('Total: $', ''));\n  const finalHomePrice = totalHomePrice + expectedTax;\n  const finalCartPrice = totalCartPrice + expectedTax;\n  expect(finalPrice).to.equal(finalHomePrice);\n  expect(finalPrice).to.equal(finalCartPrice);\n});",
              "err": {
                "message": "Error: The following error originated from your application code, not from Cypress.\n\n  > Failed to add item to the cart.\n\nWhen Cypress detects uncaught errors originating from your application it will automatically fail the current test.\n\nThis behavior is configurable, and you can choose to turn this off by listening to the `uncaught:exception` event.\n\nhttps://on.cypress.io/uncaught-exception-from-application",
                "estack": "Error: The following error originated from your application code, not from Cypress.\n\n  > Failed to add item to the cart.\n\nWhen Cypress detects uncaught errors originating from your application it will automatically fail the current test.\n\nThis behavior is configurable, and you can choose to turn this off by listening to the `uncaught:exception` event.\n\nhttps://on.cypress.io/uncaught-exception-from-application\n    at <unknown> (https://www.saucedemo.com/static/js/main.018d2d1e.chunk.js:1:48083)\n    at r (https://www.saucedemo.com/static/js/main.018d2d1e.chunk.js:1:48147)\n    at Object.He (https://www.saucedemo.com/static/js/2.84a5cbf3.chunk.js:2:388533)\n    at Ye (https://www.saucedemo.com/static/js/2.84a5cbf3.chunk.js:2:388687)\n    at <unknown> (https://www.saucedemo.com/static/js/2.84a5cbf3.chunk.js:2:406912)\n    at Cr (https://www.saucedemo.com/static/js/2.84a5cbf3.chunk.js:2:407006)\n    at Tr (https://www.saucedemo.com/static/js/2.84a5cbf3.chunk.js:2:407421)\n    at <unknown> (https://www.saucedemo.com/static/js/2.84a5cbf3.chunk.js:2:413069)\n    at Fe (https://www.saucedemo.com/static/js/2.84a5cbf3.chunk.js:2:488790)\n    at <unknown> (https://www.saucedemo.com/static/js/2.84a5cbf3.chunk.js:2:408889)",
                "diff": null
              },
              "uuid": "03a986e5-2f40-4a9f-a55a-b996543b6b67",
              "parentUUID": "22807536-6ec6-474b-8210-b8ad78b83df9",
              "isHook": false,
              "skipped": false
            }
          ],
          "suites": [],
          "passes": [],
          "failures": [
            "3c76431d-45b4-4865-8ebf-efbbdbf7a4ac",
            "0ae7a2a0-9bbc-431e-9796-c7d1ec1a9f65",
            "03a986e5-2f40-4a9f-a55a-b996543b6b67"
          ],
          "pending": [],
          "skipped": [],
          "duration": 2919,
          "root": false,
          "rootEmpty": false,
          "_timeout": 2000
        }
      ],
      "passes": [],
      "failures": [],
      "pending": [],
      "skipped": [],
      "duration": 0,
      "root": true,
      "rootEmpty": true,
      "_timeout": 2000
    }
  ],
  "meta": {
    "mocha": {
      "version": "7.0.1"
    },
    "mochawesome": {
      "options": {
        "quiet": false,
        "reportFilename": "mochawesome",
        "saveHtml": false,
        "saveJson": true,
        "consoleReporter": "spec",
        "useInlineDiffs": false,
        "code": true
      },
      "version": "7.1.3"
    },
    "marge": {
      "options": {
        "reportDir": "report/json",
        "overwrite": false,
        "html": false,
        "json": true
      },
      "version": "6.2.0"
    }
  }
}