{
  "stats": {
    "suites": 1,
    "tests": 5,
    "passes": 1,
    "pending": 0,
    "failures": 4,
    "start": "2024-12-23T15:37:09.918Z",
    "end": "2024-12-23T15:37:22.067Z",
    "duration": 12149,
    "testsRegistered": 5,
    "passPercent": 20,
    "pendingPercent": 0,
    "other": 0,
    "hasOther": false,
    "skipped": 0,
    "hasSkipped": false
  },
  "results": [
    {
      "uuid": "0e6905e5-de5c-42cd-9c37-0368029a770c",
      "title": "",
      "fullFile": "cypress/e2e/error/checkout/checkout.cy.js",
      "file": "cypress/e2e/error/checkout/checkout.cy.js",
      "beforeHooks": [],
      "afterHooks": [],
      "tests": [],
      "suites": [
        {
          "uuid": "df358fe8-2b2c-4cf7-aa62-b4682e4c2291",
          "title": "Test the navigation on cart and checkout pages",
          "fullFile": "",
          "file": "",
          "beforeHooks": [],
          "afterHooks": [],
          "tests": [
            {
              "title": "Checks if the form works correctly with all information complete",
              "fullTitle": "Test the navigation on cart and checkout pages Checks if the form works correctly with all information complete",
              "timedOut": null,
              "duration": 3132,
              "state": "failed",
              "speed": null,
              "pass": false,
              "fail": true,
              "pending": false,
              "context": null,
              "code": "cy.get('[data-test=\"shopping-cart-link\"]').click();\ncy.get('[data-test=\"checkout\"]').click();\ncy.fillCheckoutForm('standard');\ncy.fixture('usersInformations').then(userInfo => {\n  cy.get('[data-test=\"firstName\"]').should('have.value', userInfo['standard']['firstName']);\n  cy.get('[data-test=\"lastName\"]').should('have.value', userInfo['standard']['lastName']);\n  cy.get('[data-test=\"postalCode\"]').should('have.value', userInfo['standard']['zip']);\n});\ncy.get('[data-test=\"continue\"]').click();\ncy.get('[data-test=\"title\"]').should('be.visible');\ncy.get('[data-test=\"title\"]').should('contain.text', 'Checkout: Overview');",
              "err": {
                "message": "TypeError: The following error originated from your application code, not from Cypress.\n\n  > Cannot read properties of undefined (reading 'value')\n\nWhen Cypress detects uncaught errors originating from your application it will automatically fail the current test.\n\nThis behavior is configurable, and you can choose to turn this off by listening to the `uncaught:exception` event.\n\nhttps://on.cypress.io/uncaught-exception-from-application",
                "estack": "TypeError: The following error originated from your application code, not from Cypress.\n\n  > Cannot read properties of undefined (reading 'value')\n\nWhen Cypress detects uncaught errors originating from your application it will automatically fail the current test.\n\nThis behavior is configurable, and you can choose to turn this off by listening to the `uncaught:exception` event.\n\nhttps://on.cypress.io/uncaught-exception-from-application\n    at onChange (https://www.saucedemo.com/static/js/main.018d2d1e.chunk.js:1:43450)\n    at Object.He (https://www.saucedemo.com/static/js/2.84a5cbf3.chunk.js:2:388533)\n    at Ye (https://www.saucedemo.com/static/js/2.84a5cbf3.chunk.js:2:388687)\n    at <unknown> (https://www.saucedemo.com/static/js/2.84a5cbf3.chunk.js:2:406912)\n    at Cr (https://www.saucedemo.com/static/js/2.84a5cbf3.chunk.js:2:407006)\n    at Tr (https://www.saucedemo.com/static/js/2.84a5cbf3.chunk.js:2:407421)\n    at <unknown> (https://www.saucedemo.com/static/js/2.84a5cbf3.chunk.js:2:413069)\n    at Fe (https://www.saucedemo.com/static/js/2.84a5cbf3.chunk.js:2:488790)\n    at <unknown> (https://www.saucedemo.com/static/js/2.84a5cbf3.chunk.js:2:408889)\n    at Nr (https://www.saucedemo.com/static/js/2.84a5cbf3.chunk.js:2:408919)",
                "diff": null
              },
              "uuid": "9629ff84-148a-4da3-9f76-51b40f7be10e",
              "parentUUID": "df358fe8-2b2c-4cf7-aa62-b4682e4c2291",
              "isHook": false,
              "skipped": false
            },
            {
              "title": "Checks if the form works correctly without any information",
              "fullTitle": "Test the navigation on cart and checkout pages Checks if the form works correctly without any information",
              "timedOut": null,
              "duration": 943,
              "state": "passed",
              "speed": "fast",
              "pass": true,
              "fail": false,
              "pending": false,
              "context": null,
              "code": "cy.get('[data-test=\"shopping-cart-link\"]').click();\ncy.get('[data-test=\"checkout\"]').click();\ncy.get('[data-test=\"continue\"]').click();\ncy.get('[data-test=\"error\"]').should('be.visible');\ncy.get('[data-test=\"error\"]').should('contain.text', 'Error: First Name is required');",
              "err": {},
              "uuid": "6b8eaf49-e782-4e39-9a44-c6024766ad20",
              "parentUUID": "df358fe8-2b2c-4cf7-aa62-b4682e4c2291",
              "isHook": false,
              "skipped": false
            },
            {
              "title": "Checks if it continues without the First Name",
              "fullTitle": "Test the navigation on cart and checkout pages Checks if it continues without the First Name",
              "timedOut": null,
              "duration": 1055,
              "state": "failed",
              "speed": null,
              "pass": false,
              "fail": true,
              "pending": false,
              "context": null,
              "code": "cy.get('[data-test=\"shopping-cart-link\"]').click();\ncy.get('[data-test=\"checkout\"]').click();\ncy.get('[data-test=\"lastName\"]').type('user');\ncy.get('[data-test=\"postalCode\"]').type('71000000');\ncy.get('[data-test=\"continue\"]').click();\ncy.get('[data-test=\"error\"]').should('be.visible');\ncy.get('[data-test=\"error\"]').should('contain.text', 'Error: First Name is required');",
              "err": {
                "message": "TypeError: The following error originated from your application code, not from Cypress.\n\n  > Cannot read properties of undefined (reading 'value')\n\nWhen Cypress detects uncaught errors originating from your application it will automatically fail the current test.\n\nThis behavior is configurable, and you can choose to turn this off by listening to the `uncaught:exception` event.\n\nhttps://on.cypress.io/uncaught-exception-from-application",
                "estack": "TypeError: The following error originated from your application code, not from Cypress.\n\n  > Cannot read properties of undefined (reading 'value')\n\nWhen Cypress detects uncaught errors originating from your application it will automatically fail the current test.\n\nThis behavior is configurable, and you can choose to turn this off by listening to the `uncaught:exception` event.\n\nhttps://on.cypress.io/uncaught-exception-from-application\n    at onChange (https://www.saucedemo.com/static/js/main.018d2d1e.chunk.js:1:43450)\n    at Object.He (https://www.saucedemo.com/static/js/2.84a5cbf3.chunk.js:2:388533)\n    at Ye (https://www.saucedemo.com/static/js/2.84a5cbf3.chunk.js:2:388687)\n    at <unknown> (https://www.saucedemo.com/static/js/2.84a5cbf3.chunk.js:2:406912)\n    at Cr (https://www.saucedemo.com/static/js/2.84a5cbf3.chunk.js:2:407006)\n    at Tr (https://www.saucedemo.com/static/js/2.84a5cbf3.chunk.js:2:407421)\n    at <unknown> (https://www.saucedemo.com/static/js/2.84a5cbf3.chunk.js:2:413069)\n    at Fe (https://www.saucedemo.com/static/js/2.84a5cbf3.chunk.js:2:488790)\n    at <unknown> (https://www.saucedemo.com/static/js/2.84a5cbf3.chunk.js:2:408889)\n    at Nr (https://www.saucedemo.com/static/js/2.84a5cbf3.chunk.js:2:408919)",
                "diff": null
              },
              "uuid": "83b660b0-0428-4db6-8768-dad4b70f1fa9",
              "parentUUID": "df358fe8-2b2c-4cf7-aa62-b4682e4c2291",
              "isHook": false,
              "skipped": false
            },
            {
              "title": "Checks if it continues without the Last Name",
              "fullTitle": "Test the navigation on cart and checkout pages Checks if it continues without the Last Name",
              "timedOut": null,
              "duration": 5558,
              "state": "failed",
              "speed": null,
              "pass": false,
              "fail": true,
              "pending": false,
              "context": null,
              "code": "cy.get('[data-test=\"shopping-cart-link\"]').click();\ncy.get('[data-test=\"checkout\"]').click();\ncy.get('[data-test=\"firstName\"]').type('standard');\ncy.get('[data-test=\"postalCode\"]').type('71000000');\ncy.get('[data-test=\"continue\"]').click();\ncy.get('[data-test=\"error\"]').should('be.visible');\ncy.get('[data-test=\"error\"]').should('contain.text', 'Error: Last Name is required');",
              "err": {
                "message": "AssertionError: Timed out retrying after 4000ms: Expected to find element: `[data-test=\"error\"]`, but never found it.",
                "estack": "AssertionError: Timed out retrying after 4000ms: Expected to find element: `[data-test=\"error\"]`, but never found it.\n    at Context.eval (webpack://teste-bix/./cypress/e2e/error/checkout/checkout.cy.js:46:38)",
                "diff": null
              },
              "uuid": "d784b6ad-5c8d-46ed-b27e-4e7d88215b63",
              "parentUUID": "df358fe8-2b2c-4cf7-aa62-b4682e4c2291",
              "isHook": false,
              "skipped": false
            },
            {
              "title": "Checks if it continues without the Zip/Postal Code",
              "fullTitle": "Test the navigation on cart and checkout pages Checks if it continues without the Zip/Postal Code",
              "timedOut": null,
              "duration": 1263,
              "state": "failed",
              "speed": null,
              "pass": false,
              "fail": true,
              "pending": false,
              "context": null,
              "code": "cy.get('[data-test=\"shopping-cart-link\"]').click();\ncy.get('[data-test=\"checkout\"]').click();\ncy.get('[data-test=\"firstName\"]').type('standard');\ncy.get('[data-test=\"lastName\"]').type('user');\ncy.get('[data-test=\"continue\"]').click();\ncy.get('[data-test=\"error\"]').should('be.visible');\ncy.get('[data-test=\"error\"]').should('contain.text', 'Error: Postal Code is required');",
              "err": {
                "message": "TypeError: The following error originated from your application code, not from Cypress.\n\n  > Cannot read properties of undefined (reading 'value')\n\nWhen Cypress detects uncaught errors originating from your application it will automatically fail the current test.\n\nThis behavior is configurable, and you can choose to turn this off by listening to the `uncaught:exception` event.\n\nhttps://on.cypress.io/uncaught-exception-from-application",
                "estack": "TypeError: The following error originated from your application code, not from Cypress.\n\n  > Cannot read properties of undefined (reading 'value')\n\nWhen Cypress detects uncaught errors originating from your application it will automatically fail the current test.\n\nThis behavior is configurable, and you can choose to turn this off by listening to the `uncaught:exception` event.\n\nhttps://on.cypress.io/uncaught-exception-from-application\n    at onChange (https://www.saucedemo.com/static/js/main.018d2d1e.chunk.js:1:43450)\n    at Object.He (https://www.saucedemo.com/static/js/2.84a5cbf3.chunk.js:2:388533)\n    at Ye (https://www.saucedemo.com/static/js/2.84a5cbf3.chunk.js:2:388687)\n    at <unknown> (https://www.saucedemo.com/static/js/2.84a5cbf3.chunk.js:2:406912)\n    at Cr (https://www.saucedemo.com/static/js/2.84a5cbf3.chunk.js:2:407006)\n    at Tr (https://www.saucedemo.com/static/js/2.84a5cbf3.chunk.js:2:407421)\n    at <unknown> (https://www.saucedemo.com/static/js/2.84a5cbf3.chunk.js:2:413069)\n    at Fe (https://www.saucedemo.com/static/js/2.84a5cbf3.chunk.js:2:488790)\n    at <unknown> (https://www.saucedemo.com/static/js/2.84a5cbf3.chunk.js:2:408889)\n    at Nr (https://www.saucedemo.com/static/js/2.84a5cbf3.chunk.js:2:408919)",
                "diff": null
              },
              "uuid": "753f07f9-6367-452f-a002-a8a4be17305a",
              "parentUUID": "df358fe8-2b2c-4cf7-aa62-b4682e4c2291",
              "isHook": false,
              "skipped": false
            }
          ],
          "suites": [],
          "passes": [
            "6b8eaf49-e782-4e39-9a44-c6024766ad20"
          ],
          "failures": [
            "9629ff84-148a-4da3-9f76-51b40f7be10e",
            "83b660b0-0428-4db6-8768-dad4b70f1fa9",
            "d784b6ad-5c8d-46ed-b27e-4e7d88215b63",
            "753f07f9-6367-452f-a002-a8a4be17305a"
          ],
          "pending": [],
          "skipped": [],
          "duration": 11951,
          "root": false,
          "rootEmpty": false,
          "_timeout": 2000
        }
      ],
      "passes": [],
      "failures": [],
      "pending": [],
      "skipped": [],
      "duration": 0,
      "root": true,
      "rootEmpty": true,
      "_timeout": 2000
    }
  ],
  "meta": {
    "mocha": {
      "version": "7.0.1"
    },
    "mochawesome": {
      "options": {
        "quiet": false,
        "reportFilename": "mochawesome",
        "saveHtml": false,
        "saveJson": true,
        "consoleReporter": "spec",
        "useInlineDiffs": false,
        "code": true
      },
      "version": "7.1.3"
    },
    "marge": {
      "options": {
        "reportDir": "report/json",
        "overwrite": false,
        "html": false,
        "json": true
      },
      "version": "6.2.0"
    }
  }
}