{
  "stats": {
    "suites": 1,
    "tests": 6,
    "passes": 1,
    "pending": 0,
    "failures": 5,
    "start": "2024-12-23T15:37:45.370Z",
    "end": "2024-12-23T15:37:51.015Z",
    "duration": 5645,
    "testsRegistered": 6,
    "passPercent": 16.666666666666664,
    "pendingPercent": 0,
    "other": 0,
    "hasOther": false,
    "skipped": 0,
    "hasSkipped": false
  },
  "results": [
    {
      "uuid": "ca105c43-3546-4feb-8fbb-8a037c515556",
      "title": "",
      "fullFile": "cypress/e2e/error/products/detailsCheck.cy.js",
      "file": "cypress/e2e/error/products/detailsCheck.cy.js",
      "beforeHooks": [],
      "afterHooks": [],
      "tests": [],
      "suites": [
        {
          "uuid": "548e5988-462e-4ac1-859b-62f11b1b1cf6",
          "title": "Test if the products informations are the same as expected",
          "fullFile": "",
          "file": "",
          "beforeHooks": [],
          "afterHooks": [],
          "tests": [
            {
              "title": "Checks if all products informations at home are the same as the fixture productsInformations",
              "fullTitle": "Test if the products informations are the same as expected Checks if all products informations at home are the same as the fixture productsInformations",
              "timedOut": null,
              "duration": 1099,
              "state": "passed",
              "speed": "fast",
              "pass": true,
              "fail": false,
              "pending": false,
              "context": null,
              "code": "let itemInfoHome = [];\ncy.filterItems('inventory-list', itemInfoHome);\ncy.fixture('productsInformations').then(data => {\n  expect(itemInfoHome).to.deep.equal(data);\n});",
              "err": {},
              "uuid": "7b9d1424-e622-41ef-9862-a8a0c11b1f8f",
              "parentUUID": "548e5988-462e-4ac1-859b-62f11b1b1cf6",
              "isHook": false,
              "skipped": false
            },
            {
              "title": "Checks if all products details inside each product page are the same as in the fixture productsInformations",
              "fullTitle": "Test if the products informations are the same as expected Checks if all products details inside each product page are the same as in the fixture productsInformations",
              "timedOut": null,
              "duration": 1042,
              "state": "failed",
              "speed": null,
              "pass": false,
              "fail": true,
              "pending": false,
              "context": null,
              "code": "let itemInfoHome = [];\ncy.filterItems('inventory-list', itemInfoHome);\ncy.fixture('productsInformations').then(data => {\n  for (let i = 0; i < itemInfoHome.length; i++) {\n    let testItem = [];\n    cy.contains(itemInfoHome[i].name).click();\n    cy.filterItem('inventory-container', testItem).then(() => {\n      expect(data[i]).to.deep.equal(testItem[0]);\n      cy.get('[data-test=\"back-to-products\"]').click();\n    });\n  }\n});",
              "err": {
                "message": "AssertionError: expected { Object (name, description, ...) } to deeply equal { Object (name, description, ...) }",
                "estack": "AssertionError: expected { Object (name, description, ...) } to deeply equal { Object (name, description, ...) }\n    at Context.eval (webpack://teste-bix/./cypress/e2e/error/products/detailsCheck.cy.js:29:48)",
                "diff": " { name: 'Sauce Labs Backpack',\n-   description: 'carry.allTheThings() with the sleek, streamlined Sly Pack that melds uncompromising style with unequaled laptop and tablet protection.',\n+   description: 'A description should be here, but it failed to render! This error has been reported to Backtrace.',\n   price: 29.99 }\n"
              },
              "uuid": "93dd2eca-09e7-4c3d-b9b0-f3f6d7eb72da",
              "parentUUID": "548e5988-462e-4ac1-859b-62f11b1b1cf6",
              "isHook": false,
              "skipped": false
            },
            {
              "title": "Checks if all products details inside the cart page are the same as in the fixture productsInformations",
              "fullTitle": "Test if the products informations are the same as expected Checks if all products details inside the cart page are the same as in the fixture productsInformations",
              "timedOut": null,
              "duration": 810,
              "state": "failed",
              "speed": null,
              "pass": false,
              "fail": true,
              "pending": false,
              "context": null,
              "code": "let itemInfoCart = [];\ncy.addOrRemoveAllItems();\ncy.get('[data-test=\"shopping-cart-link\"]').click();\ncy.filterItems('cart-list', itemInfoCart);\ncy.fixture('productsInformations').then(data => {\n  console.log(itemInfoCart);\n  console.log(data);\n  expect(itemInfoCart).to.deep.equal(data);\n});",
              "err": {
                "message": "Error: The following error originated from your application code, not from Cypress.\n\n  > Failed to add item to the cart.\n\nWhen Cypress detects uncaught errors originating from your application it will automatically fail the current test.\n\nThis behavior is configurable, and you can choose to turn this off by listening to the `uncaught:exception` event.\n\nhttps://on.cypress.io/uncaught-exception-from-application",
                "estack": "Error: The following error originated from your application code, not from Cypress.\n\n  > Failed to add item to the cart.\n\nWhen Cypress detects uncaught errors originating from your application it will automatically fail the current test.\n\nThis behavior is configurable, and you can choose to turn this off by listening to the `uncaught:exception` event.\n\nhttps://on.cypress.io/uncaught-exception-from-application\n    at <unknown> (https://www.saucedemo.com/static/js/main.018d2d1e.chunk.js:1:48083)\n    at r (https://www.saucedemo.com/static/js/main.018d2d1e.chunk.js:1:48147)\n    at Object.He (https://www.saucedemo.com/static/js/2.84a5cbf3.chunk.js:2:388533)\n    at Ye (https://www.saucedemo.com/static/js/2.84a5cbf3.chunk.js:2:388687)\n    at <unknown> (https://www.saucedemo.com/static/js/2.84a5cbf3.chunk.js:2:406912)\n    at Cr (https://www.saucedemo.com/static/js/2.84a5cbf3.chunk.js:2:407006)\n    at Tr (https://www.saucedemo.com/static/js/2.84a5cbf3.chunk.js:2:407421)\n    at <unknown> (https://www.saucedemo.com/static/js/2.84a5cbf3.chunk.js:2:413069)\n    at Fe (https://www.saucedemo.com/static/js/2.84a5cbf3.chunk.js:2:488790)\n    at <unknown> (https://www.saucedemo.com/static/js/2.84a5cbf3.chunk.js:2:408889)",
                "diff": null
              },
              "uuid": "17c22a7b-7c1b-4057-a9de-751c669bf4a1",
              "parentUUID": "548e5988-462e-4ac1-859b-62f11b1b1cf6",
              "isHook": false,
              "skipped": false
            },
            {
              "title": "Checks if all products details inside each product page are the same as in the home page",
              "fullTitle": "Test if the products informations are the same as expected Checks if all products details inside each product page are the same as in the home page",
              "timedOut": null,
              "duration": 867,
              "state": "failed",
              "speed": null,
              "pass": false,
              "fail": true,
              "pending": false,
              "context": null,
              "code": "let itemInfoHome = [];\ncy.filterItems('inventory-list', itemInfoHome).then(() => {\n  for (let i = 0; i < itemInfoHome.length; i++) {\n    let testItem = [];\n    cy.contains(itemInfoHome[i].name).click();\n    cy.filterItem('inventory-container', testItem).then(() => {\n      expect(itemInfoHome[i]).to.deep.equal(testItem[0]);\n      cy.get('[data-test=\"back-to-products\"]').click();\n    });\n  }\n});",
              "err": {
                "message": "AssertionError: expected { Object (name, description, ...) } to deeply equal { Object (name, description, ...) }",
                "estack": "AssertionError: expected { Object (name, description, ...) } to deeply equal { Object (name, description, ...) }\n    at Context.eval (webpack://teste-bix/./cypress/e2e/error/products/detailsCheck.cy.js:64:56)",
                "diff": " { name: 'Sauce Labs Backpack',\n-   description: 'carry.allTheThings() with the sleek, streamlined Sly Pack that melds uncompromising style with unequaled laptop and tablet protection.',\n+   description: 'A description should be here, but it failed to render! This error has been reported to Backtrace.',\n   price: 29.99 }\n"
              },
              "uuid": "b4f6a2f8-a55a-401a-a8a5-944607979dd7",
              "parentUUID": "548e5988-462e-4ac1-859b-62f11b1b1cf6",
              "isHook": false,
              "skipped": false
            },
            {
              "title": "Checks if the products inside the cart have the same information as in the home page",
              "fullTitle": "Test if the products informations are the same as expected Checks if the products inside the cart have the same information as in the home page",
              "timedOut": null,
              "duration": 795,
              "state": "failed",
              "speed": null,
              "pass": false,
              "fail": true,
              "pending": false,
              "context": null,
              "code": "let itemInfoHome = [];\nlet itemInfoCart = [];\ncy.filterItems('inventory-list', itemInfoHome).then(() => {\n  console.log(itemInfoHome);\n});\ncy.addOrRemoveAllItems();\ncy.get('[data-test=\"shopping-cart-link\"]').click();\ncy.filterItems('cart-list', itemInfoCart).then(() => {\n  console.log(itemInfoCart);\n  expect(itemInfoCart).to.deep.equal(itemInfoHome);\n});",
              "err": {
                "message": "Error: The following error originated from your application code, not from Cypress.\n\n  > Failed to add item to the cart.\n\nWhen Cypress detects uncaught errors originating from your application it will automatically fail the current test.\n\nThis behavior is configurable, and you can choose to turn this off by listening to the `uncaught:exception` event.\n\nhttps://on.cypress.io/uncaught-exception-from-application",
                "estack": "Error: The following error originated from your application code, not from Cypress.\n\n  > Failed to add item to the cart.\n\nWhen Cypress detects uncaught errors originating from your application it will automatically fail the current test.\n\nThis behavior is configurable, and you can choose to turn this off by listening to the `uncaught:exception` event.\n\nhttps://on.cypress.io/uncaught-exception-from-application\n    at <unknown> (https://www.saucedemo.com/static/js/main.018d2d1e.chunk.js:1:48083)\n    at r (https://www.saucedemo.com/static/js/main.018d2d1e.chunk.js:1:48147)\n    at Object.He (https://www.saucedemo.com/static/js/2.84a5cbf3.chunk.js:2:388533)\n    at Ye (https://www.saucedemo.com/static/js/2.84a5cbf3.chunk.js:2:388687)\n    at <unknown> (https://www.saucedemo.com/static/js/2.84a5cbf3.chunk.js:2:406912)\n    at Cr (https://www.saucedemo.com/static/js/2.84a5cbf3.chunk.js:2:407006)\n    at Tr (https://www.saucedemo.com/static/js/2.84a5cbf3.chunk.js:2:407421)\n    at <unknown> (https://www.saucedemo.com/static/js/2.84a5cbf3.chunk.js:2:413069)\n    at Fe (https://www.saucedemo.com/static/js/2.84a5cbf3.chunk.js:2:488790)\n    at <unknown> (https://www.saucedemo.com/static/js/2.84a5cbf3.chunk.js:2:408889)",
                "diff": null
              },
              "uuid": "c5ebc85b-3539-497f-99c0-d2750ab4b8c1",
              "parentUUID": "548e5988-462e-4ac1-859b-62f11b1b1cf6",
              "isHook": false,
              "skipped": false
            },
            {
              "title": "Checks if the products inside the cart have the same information as in the products pages",
              "fullTitle": "Test if the products informations are the same as expected Checks if the products inside the cart have the same information as in the products pages",
              "timedOut": null,
              "duration": 812,
              "state": "failed",
              "speed": null,
              "pass": false,
              "fail": true,
              "pending": false,
              "context": null,
              "code": "let itemInfoCart = [];\ncy.addOrRemoveAllItems();\ncy.get('[data-test=\"shopping-cart-link\"]').click();\ncy.filterItems('cart-list', itemInfoCart).then(() => {\n  cy.get('[data-test=\"continue-shopping\"]').click();\n  for (let i = 0; i < itemInfoCart.length; i++) {\n    let testItem = [];\n    cy.contains(itemInfoCart[i].name).click();\n    cy.filterItem('inventory-container', testItem).then(() => {\n      expect(itemInfoCart[i]).to.deep.equal(testItem[0]);\n      cy.get('[data-test=\"back-to-products\"]').click();\n    });\n  }\n});",
              "err": {
                "message": "Error: The following error originated from your application code, not from Cypress.\n\n  > Failed to add item to the cart.\n\nWhen Cypress detects uncaught errors originating from your application it will automatically fail the current test.\n\nThis behavior is configurable, and you can choose to turn this off by listening to the `uncaught:exception` event.\n\nhttps://on.cypress.io/uncaught-exception-from-application",
                "estack": "Error: The following error originated from your application code, not from Cypress.\n\n  > Failed to add item to the cart.\n\nWhen Cypress detects uncaught errors originating from your application it will automatically fail the current test.\n\nThis behavior is configurable, and you can choose to turn this off by listening to the `uncaught:exception` event.\n\nhttps://on.cypress.io/uncaught-exception-from-application\n    at <unknown> (https://www.saucedemo.com/static/js/main.018d2d1e.chunk.js:1:48083)\n    at r (https://www.saucedemo.com/static/js/main.018d2d1e.chunk.js:1:48147)\n    at Object.He (https://www.saucedemo.com/static/js/2.84a5cbf3.chunk.js:2:388533)\n    at Ye (https://www.saucedemo.com/static/js/2.84a5cbf3.chunk.js:2:388687)\n    at <unknown> (https://www.saucedemo.com/static/js/2.84a5cbf3.chunk.js:2:406912)\n    at Cr (https://www.saucedemo.com/static/js/2.84a5cbf3.chunk.js:2:407006)\n    at Tr (https://www.saucedemo.com/static/js/2.84a5cbf3.chunk.js:2:407421)\n    at <unknown> (https://www.saucedemo.com/static/js/2.84a5cbf3.chunk.js:2:413069)\n    at Fe (https://www.saucedemo.com/static/js/2.84a5cbf3.chunk.js:2:488790)\n    at <unknown> (https://www.saucedemo.com/static/js/2.84a5cbf3.chunk.js:2:408889)",
                "diff": null
              },
              "uuid": "d5477be0-292c-4cc3-aa06-0718a8b77e27",
              "parentUUID": "548e5988-462e-4ac1-859b-62f11b1b1cf6",
              "isHook": false,
              "skipped": false
            }
          ],
          "suites": [],
          "passes": [
            "7b9d1424-e622-41ef-9862-a8a0c11b1f8f"
          ],
          "failures": [
            "93dd2eca-09e7-4c3d-b9b0-f3f6d7eb72da",
            "17c22a7b-7c1b-4057-a9de-751c669bf4a1",
            "b4f6a2f8-a55a-401a-a8a5-944607979dd7",
            "c5ebc85b-3539-497f-99c0-d2750ab4b8c1",
            "d5477be0-292c-4cc3-aa06-0718a8b77e27"
          ],
          "pending": [],
          "skipped": [],
          "duration": 5425,
          "root": false,
          "rootEmpty": false,
          "_timeout": 2000
        }
      ],
      "passes": [],
      "failures": [],
      "pending": [],
      "skipped": [],
      "duration": 0,
      "root": true,
      "rootEmpty": true,
      "_timeout": 2000
    }
  ],
  "meta": {
    "mocha": {
      "version": "7.0.1"
    },
    "mochawesome": {
      "options": {
        "quiet": false,
        "reportFilename": "mochawesome",
        "saveHtml": false,
        "saveJson": true,
        "consoleReporter": "spec",
        "useInlineDiffs": false,
        "code": true
      },
      "version": "7.1.3"
    },
    "marge": {
      "options": {
        "reportDir": "report/json",
        "overwrite": false,
        "html": false,
        "json": true
      },
      "version": "6.2.0"
    }
  }
}