{
  "stats": {
    "suites": 5,
    "tests": 33,
    "passes": 9,
    "pending": 0,
    "failures": 24,
    "testsRegistered": 33,
    "passPercent": 27.272727272727273,
    "pendingPercent": 0,
    "other": 0,
    "hasOther": false,
    "skipped": 0,
    "hasSkipped": false,
    "start": "2024-12-23T15:37:09.918Z",
    "end": "2024-12-23T15:37:55.135Z",
    "duration": 45217
  },
  "results": [
    {
      "uuid": "7b6c1e93-28bf-4893-bf17-b2c1f707c844",
      "title": "",
      "fullFile": "cypress/e2e/error/update/pageUpdate.cy.js",
      "file": "cypress/e2e/error/update/pageUpdate.cy.js",
      "beforeHooks": [],
      "afterHooks": [],
      "tests": [],
      "suites": [
        {
          "uuid": "a85b5510-859d-4aad-84f1-49ddbf12b3bb",
          "title": "Test if application is correctly updating the content",
          "fullFile": "",
          "file": "",
          "beforeHooks": [],
          "afterHooks": [],
          "tests": [
            {
              "title": "Updates products inside cart information page",
              "fullTitle": "Test if application is correctly updating the content Updates products inside cart information page",
              "timedOut": null,
              "duration": 1226,
              "state": "failed",
              "speed": null,
              "pass": false,
              "fail": true,
              "pending": false,
              "context": null,
              "code": "cy.addOrRemoveAllItems();\ncy.get('[data-test=\"shopping-cart-link\"]').click();\ncy.get('[data-test=\"cart-contents-container\"]').find('[data-test=\"inventory-item\"]').should('have.length', 6);",
              "err": {
                "message": "Error: The following error originated from your application code, not from Cypress.\n\n  > Failed to add item to the cart.\n\nWhen Cypress detects uncaught errors originating from your application it will automatically fail the current test.\n\nThis behavior is configurable, and you can choose to turn this off by listening to the `uncaught:exception` event.\n\nhttps://on.cypress.io/uncaught-exception-from-application",
                "estack": "Error: The following error originated from your application code, not from Cypress.\n\n  > Failed to add item to the cart.\n\nWhen Cypress detects uncaught errors originating from your application it will automatically fail the current test.\n\nThis behavior is configurable, and you can choose to turn this off by listening to the `uncaught:exception` event.\n\nhttps://on.cypress.io/uncaught-exception-from-application\n    at <unknown> (https://www.saucedemo.com/static/js/main.018d2d1e.chunk.js:1:48083)\n    at r (https://www.saucedemo.com/static/js/main.018d2d1e.chunk.js:1:48147)\n    at Object.He (https://www.saucedemo.com/static/js/2.84a5cbf3.chunk.js:2:388533)\n    at Ye (https://www.saucedemo.com/static/js/2.84a5cbf3.chunk.js:2:388687)\n    at <unknown> (https://www.saucedemo.com/static/js/2.84a5cbf3.chunk.js:2:406912)\n    at Cr (https://www.saucedemo.com/static/js/2.84a5cbf3.chunk.js:2:407006)\n    at Tr (https://www.saucedemo.com/static/js/2.84a5cbf3.chunk.js:2:407421)\n    at <unknown> (https://www.saucedemo.com/static/js/2.84a5cbf3.chunk.js:2:413069)\n    at Fe (https://www.saucedemo.com/static/js/2.84a5cbf3.chunk.js:2:488790)\n    at <unknown> (https://www.saucedemo.com/static/js/2.84a5cbf3.chunk.js:2:408889)",
                "diff": null
              },
              "uuid": "c7ca08cd-5388-43da-a516-5175e98fbb14",
              "parentUUID": "a85b5510-859d-4aad-84f1-49ddbf12b3bb",
              "isHook": false,
              "skipped": false
            },
            {
              "title": "Updates products at main page after changing cart information",
              "fullTitle": "Test if application is correctly updating the content Updates products at main page after changing cart information",
              "timedOut": null,
              "duration": 951,
              "state": "failed",
              "speed": null,
              "pass": false,
              "fail": true,
              "pending": false,
              "context": null,
              "code": "cy.addOrRemoveAllItems();\ncy.get('[data-test=\"shopping-cart-link\"]').click();\ncy.get('[data-test=\"cart-list\"]').find('button').each($button => {\n  $button.click();\n});\ncy.get('[data-test=\"cart-contents-container\"]').find('[data-test=\"inventory-item\"]').should('have.length', 0);\ncy.get('[data-test=\"continue-shopping\"]').click();\ncy.get('[data-test=\"add-to-cart-sauce-labs-onesie\"]').click();\ncy.get('[data-test=\"inventory-container\"]').find('button').should('contain.text', 'Add to cart');",
              "err": {
                "message": "Error: The following error originated from your application code, not from Cypress.\n\n  > Failed to add item to the cart.\n\nWhen Cypress detects uncaught errors originating from your application it will automatically fail the current test.\n\nThis behavior is configurable, and you can choose to turn this off by listening to the `uncaught:exception` event.\n\nhttps://on.cypress.io/uncaught-exception-from-application",
                "estack": "Error: The following error originated from your application code, not from Cypress.\n\n  > Failed to add item to the cart.\n\nWhen Cypress detects uncaught errors originating from your application it will automatically fail the current test.\n\nThis behavior is configurable, and you can choose to turn this off by listening to the `uncaught:exception` event.\n\nhttps://on.cypress.io/uncaught-exception-from-application\n    at <unknown> (https://www.saucedemo.com/static/js/main.018d2d1e.chunk.js:1:48083)\n    at r (https://www.saucedemo.com/static/js/main.018d2d1e.chunk.js:1:48147)\n    at Object.He (https://www.saucedemo.com/static/js/2.84a5cbf3.chunk.js:2:388533)\n    at Ye (https://www.saucedemo.com/static/js/2.84a5cbf3.chunk.js:2:388687)\n    at <unknown> (https://www.saucedemo.com/static/js/2.84a5cbf3.chunk.js:2:406912)\n    at Cr (https://www.saucedemo.com/static/js/2.84a5cbf3.chunk.js:2:407006)\n    at Tr (https://www.saucedemo.com/static/js/2.84a5cbf3.chunk.js:2:407421)\n    at <unknown> (https://www.saucedemo.com/static/js/2.84a5cbf3.chunk.js:2:413069)\n    at Fe (https://www.saucedemo.com/static/js/2.84a5cbf3.chunk.js:2:488790)\n    at <unknown> (https://www.saucedemo.com/static/js/2.84a5cbf3.chunk.js:2:408889)",
                "diff": null
              },
              "uuid": "e4963df5-33ec-45c3-986f-15eb497f34ce",
              "parentUUID": "a85b5510-859d-4aad-84f1-49ddbf12b3bb",
              "isHook": false,
              "skipped": false
            },
            {
              "title": "Checks the za product order",
              "fullTitle": "Test if application is correctly updating the content Checks the za product order",
              "timedOut": null,
              "duration": 938,
              "state": "failed",
              "speed": null,
              "pass": false,
              "fail": true,
              "pending": false,
              "context": null,
              "code": "let itemsList = [];\nlet itemsListTest = [];\ncy.filterItems('inventory-container', itemsList);\ncy.changeFilter('za');\ncy.filterItems('inventory-container', itemsListTest).then(() => {\n  expect(itemsListTest).to.deep.equal(itemsList.reverse());\n});",
              "err": {
                "message": "AssertionError: expected [ Array(6) ] to deeply equal [ Array(6) ]",
                "estack": "AssertionError: expected [ Array(6) ] to deeply equal [ Array(6) ]\n    at Context.eval (webpack://teste-bix/./cypress/e2e/error/update/pageUpdate.cy.js:43:38)",
                "diff": "- [ { name: 'Sauce Labs Backpack',\n-     description: 'carry.allTheThings() with the sleek, streamlined Sly Pack that melds uncompromising style with unequaled laptop and tablet protection.',\n-     price: 29.99 },\n-   { name: 'Sauce Labs Bike Light',\n-     description: 'A red light isn\\'t the desired state in testing but it sure helps when riding your bike at night. Water-resistant with 3 lighting modes, 1 AAA battery included.',\n-     price: 9.99 },\n-   { name: 'Sauce Labs Bolt T-Shirt',\n-     description: 'Get your testing superhero on with the Sauce Labs bolt T-shirt. From American Apparel, 100% ringspun combed cotton, heather gray with red bolt.',\n+ [ { name: 'Test.allTheThings() T-Shirt (Red)',\n+     description: 'This classic Sauce Labs t-shirt is perfect to wear when cozying up to your keyboard to automate a few tests. Super-soft and comfy ringspun combed cotton.',\n     price: 15.99 },\n+   { name: 'Sauce Labs Onesie',\n+     description: 'Rib snap infant onesie for the junior automation engineer in development. Reinforced 3-snap bottom closure, two-needle hemmed sleeved and bottom won\\'t unravel.',\n+     price: 7.99 },\n   { name: 'Sauce Labs Fleece Jacket',\n     description: 'It\\'s not every day that you come across a midweight quarter-zip fleece jacket capable of handling everything from a relaxing day outdoors to a busy day at the office.',\n     price: 49.99 },\n-   { name: 'Sauce Labs Onesie',\n-     description: 'Rib snap infant onesie for the junior automation engineer in development. Reinforced 3-snap bottom closure, two-needle hemmed sleeved and bottom won\\'t unravel.',\n-     price: 7.99 },\n-   { name: 'Test.allTheThings() T-Shirt (Red)',\n-     description: 'This classic Sauce Labs t-shirt is perfect to wear when cozying up to your keyboard to automate a few tests. Super-soft and comfy ringspun combed cotton.',\n-     price: 15.99 } ]\n+   { name: 'Sauce Labs Bolt T-Shirt',\n+     description: 'Get your testing superhero on with the Sauce Labs bolt T-shirt. From American Apparel, 100% ringspun combed cotton, heather gray with red bolt.',\n+     price: 15.99 },\n+   { name: 'Sauce Labs Bike Light',\n+     description: 'A red light isn\\'t the desired state in testing but it sure helps when riding your bike at night. Water-resistant with 3 lighting modes, 1 AAA battery included.',\n+     price: 9.99 },\n+   { name: 'Sauce Labs Backpack',\n+     description: 'carry.allTheThings() with the sleek, streamlined Sly Pack that melds uncompromising style with unequaled laptop and tablet protection.',\n+     price: 29.99 } ]\n"
              },
              "uuid": "8fa305fc-fdf7-45e7-844a-0f71b6ad7ca1",
              "parentUUID": "a85b5510-859d-4aad-84f1-49ddbf12b3bb",
              "isHook": false,
              "skipped": false
            },
            {
              "title": "Checks the az product order",
              "fullTitle": "Test if application is correctly updating the content Checks the az product order",
              "timedOut": null,
              "duration": 921,
              "state": "passed",
              "speed": "fast",
              "pass": true,
              "fail": false,
              "pending": false,
              "context": null,
              "code": "let itemsList = [];\nlet itemsListTest = [];\ncy.filterItems('inventory-container', itemsList);\ncy.changeFilter('za');\ncy.changeFilter('az');\ncy.filterItems('inventory-container', itemsListTest).then(() => {\n  expect(itemsListTest).to.deep.equal(itemsList);\n});",
              "err": {},
              "uuid": "ddb1470d-137b-4ec4-b251-d20970f98c4c",
              "parentUUID": "a85b5510-859d-4aad-84f1-49ddbf12b3bb",
              "isHook": false,
              "skipped": false
            },
            {
              "title": "Checks the lohi product price order",
              "fullTitle": "Test if application is correctly updating the content Checks the lohi product price order",
              "timedOut": null,
              "duration": 993,
              "state": "failed",
              "speed": null,
              "pass": false,
              "fail": true,
              "pending": false,
              "context": null,
              "code": "let itemsList = [];\nlet itemsListTest = [];\ncy.filterItems('inventory-container', itemsList);\ncy.changeFilter('lohi');\ncy.filterItems('inventory-container', itemsListTest).then(() => {\n  let originalPrices = itemsList.map(item => item.price);\n  let newPrices = itemsListTest.map(item => item.price);\n  expect(newPrices).to.deep.equal(originalPrices.sort((a, b) => {\n    return a - b;\n  }));\n});",
              "err": {
                "message": "AssertionError: expected [ Array(6) ] to deeply equal [ Array(6) ]",
                "estack": "AssertionError: expected [ Array(6) ] to deeply equal [ Array(6) ]\n    at Context.eval (webpack://teste-bix/./cypress/e2e/error/update/pageUpdate.cy.js:73:34)",
                "diff": "- [ 29.99, 9.99, 15.99, 49.99, 7.99, 15.99 ]\n+ [ 7.99, 9.99, 15.99, 15.99, 29.99, 49.99 ]\n"
              },
              "uuid": "883eacd1-fba6-4cc4-a9da-db2a794d82fc",
              "parentUUID": "a85b5510-859d-4aad-84f1-49ddbf12b3bb",
              "isHook": false,
              "skipped": false
            },
            {
              "title": "Checks the hilo product price order",
              "fullTitle": "Test if application is correctly updating the content Checks the hilo product price order",
              "timedOut": null,
              "duration": 1106,
              "state": "failed",
              "speed": null,
              "pass": false,
              "fail": true,
              "pending": false,
              "context": null,
              "code": "let itemsList = [];\nlet itemsListTest = [];\ncy.changeFilter('lohi');\ncy.filterItems('inventory-container', itemsList);\ncy.changeFilter('hilo');\ncy.filterItems('inventory-container', itemsListTest).then(() => {\n  let originalPrices = itemsList.map(item => item.price);\n  let newPrices = itemsListTest.map(item => item.price);\n  expect(newPrices).to.deep.equal(originalPrices.sort((a, b) => {\n    return b - a;\n  }));\n});",
              "err": {
                "message": "AssertionError: expected [ Array(6) ] to deeply equal [ Array(6) ]",
                "estack": "AssertionError: expected [ Array(6) ] to deeply equal [ Array(6) ]\n    at Context.eval (webpack://teste-bix/./cypress/e2e/error/update/pageUpdate.cy.js:90:34)",
                "diff": "- [ 29.99, 9.99, 15.99, 49.99, 7.99, 15.99 ]\n+ [ 49.99, 29.99, 15.99, 15.99, 9.99, 7.99 ]\n"
              },
              "uuid": "7f3094d8-9169-487a-8e31-564dc5cd1f5d",
              "parentUUID": "a85b5510-859d-4aad-84f1-49ddbf12b3bb",
              "isHook": false,
              "skipped": false
            },
            {
              "title": "Checks the Reset App State",
              "fullTitle": "Test if application is correctly updating the content Checks the Reset App State",
              "timedOut": null,
              "duration": 801,
              "state": "failed",
              "speed": null,
              "pass": false,
              "fail": true,
              "pending": false,
              "context": null,
              "code": "let buttonsTexts = [];\ncy.addOrRemoveAllItems();\ncy.get('[data-test=\"inventory-container\"]').find('button').then($buttons => {\n  buttonsTexts = Cypress.$($buttons).map((_, button) => Cypress.$(button).text().trim()).get();\n  cy.fixture('buttonsTestPatterns').then(buttons => {\n    expect(buttonsTexts).to.deep.equal(buttons['allRemove']);\n  });\n});\ncy.get('[id=\"react-burger-menu-btn\"]').click();\ncy.get('[data-test=\"reset-sidebar-link\"]').click();\ncy.reload();\ncy.get('[data-test=\"inventory-container\"]').find('button').then($buttons => {\n  buttonsTexts = Cypress.$($buttons).map((_, button) => Cypress.$(button).text().trim()).get();\n  cy.fixture('buttonsTestPatterns').then(buttons => {\n    expect(buttonsTexts).to.deep.equal(buttons['allAddToCart']);\n  });\n});",
              "err": {
                "message": "Error: The following error originated from your application code, not from Cypress.\n\n  > Failed to add item to the cart.\n\nWhen Cypress detects uncaught errors originating from your application it will automatically fail the current test.\n\nThis behavior is configurable, and you can choose to turn this off by listening to the `uncaught:exception` event.\n\nhttps://on.cypress.io/uncaught-exception-from-application",
                "estack": "Error: The following error originated from your application code, not from Cypress.\n\n  > Failed to add item to the cart.\n\nWhen Cypress detects uncaught errors originating from your application it will automatically fail the current test.\n\nThis behavior is configurable, and you can choose to turn this off by listening to the `uncaught:exception` event.\n\nhttps://on.cypress.io/uncaught-exception-from-application\n    at <unknown> (https://www.saucedemo.com/static/js/main.018d2d1e.chunk.js:1:48083)\n    at r (https://www.saucedemo.com/static/js/main.018d2d1e.chunk.js:1:48147)\n    at Object.He (https://www.saucedemo.com/static/js/2.84a5cbf3.chunk.js:2:388533)\n    at Ye (https://www.saucedemo.com/static/js/2.84a5cbf3.chunk.js:2:388687)\n    at <unknown> (https://www.saucedemo.com/static/js/2.84a5cbf3.chunk.js:2:406912)\n    at Cr (https://www.saucedemo.com/static/js/2.84a5cbf3.chunk.js:2:407006)\n    at Tr (https://www.saucedemo.com/static/js/2.84a5cbf3.chunk.js:2:407421)\n    at <unknown> (https://www.saucedemo.com/static/js/2.84a5cbf3.chunk.js:2:413069)\n    at Fe (https://www.saucedemo.com/static/js/2.84a5cbf3.chunk.js:2:488790)\n    at <unknown> (https://www.saucedemo.com/static/js/2.84a5cbf3.chunk.js:2:408889)",
                "diff": null
              },
              "uuid": "39e6312d-06f4-4824-bbcb-0ecac0f422d9",
              "parentUUID": "a85b5510-859d-4aad-84f1-49ddbf12b3bb",
              "isHook": false,
              "skipped": false
            },
            {
              "title": "Updates the 'Add to cart' button text to 'Remove'",
              "fullTitle": "Test if application is correctly updating the content Updates the 'Add to cart' button text to 'Remove'",
              "timedOut": null,
              "duration": 827,
              "state": "failed",
              "speed": null,
              "pass": false,
              "fail": true,
              "pending": false,
              "context": null,
              "code": "let buttonsTexts = [];\ncy.addOrRemoveAllItems();\ncy.get('[data-test=\"inventory-container\"]').find('button').then($buttons => {\n  buttonsTexts = Cypress.$($buttons).map((_, button) => Cypress.$(button).text().trim()).get();\n  cy.fixture('buttonsTestPatterns').then(buttons => {\n    expect(buttonsTexts).to.deep.equal(buttons['allRemove']);\n  });\n});",
              "err": {
                "message": "Error: The following error originated from your application code, not from Cypress.\n\n  > Failed to add item to the cart.\n\nWhen Cypress detects uncaught errors originating from your application it will automatically fail the current test.\n\nThis behavior is configurable, and you can choose to turn this off by listening to the `uncaught:exception` event.\n\nhttps://on.cypress.io/uncaught-exception-from-application",
                "estack": "Error: The following error originated from your application code, not from Cypress.\n\n  > Failed to add item to the cart.\n\nWhen Cypress detects uncaught errors originating from your application it will automatically fail the current test.\n\nThis behavior is configurable, and you can choose to turn this off by listening to the `uncaught:exception` event.\n\nhttps://on.cypress.io/uncaught-exception-from-application\n    at <unknown> (https://www.saucedemo.com/static/js/main.018d2d1e.chunk.js:1:48083)\n    at r (https://www.saucedemo.com/static/js/main.018d2d1e.chunk.js:1:48147)\n    at Object.He (https://www.saucedemo.com/static/js/2.84a5cbf3.chunk.js:2:388533)\n    at Ye (https://www.saucedemo.com/static/js/2.84a5cbf3.chunk.js:2:388687)\n    at <unknown> (https://www.saucedemo.com/static/js/2.84a5cbf3.chunk.js:2:406912)\n    at Cr (https://www.saucedemo.com/static/js/2.84a5cbf3.chunk.js:2:407006)\n    at Tr (https://www.saucedemo.com/static/js/2.84a5cbf3.chunk.js:2:407421)\n    at <unknown> (https://www.saucedemo.com/static/js/2.84a5cbf3.chunk.js:2:413069)\n    at Fe (https://www.saucedemo.com/static/js/2.84a5cbf3.chunk.js:2:488790)\n    at <unknown> (https://www.saucedemo.com/static/js/2.84a5cbf3.chunk.js:2:408889)",
                "diff": null
              },
              "uuid": "6ebcd713-d639-45d9-bb7c-f205defab497",
              "parentUUID": "a85b5510-859d-4aad-84f1-49ddbf12b3bb",
              "isHook": false,
              "skipped": false
            },
            {
              "title": "Updates the 'Remove' button text back to 'Add to Cart'",
              "fullTitle": "Test if application is correctly updating the content Updates the 'Remove' button text back to 'Add to Cart'",
              "timedOut": null,
              "duration": 799,
              "state": "failed",
              "speed": null,
              "pass": false,
              "fail": true,
              "pending": false,
              "context": null,
              "code": "let buttonsTexts = [];\ncy.addOrRemoveAllItems();\ncy.addOrRemoveAllItems();\ncy.get('[data-test=\"inventory-container\"]').find('button').then($buttons => {\n  buttonsTexts = Cypress.$($buttons).map((_, button) => Cypress.$(button).text().trim()).get();\n  cy.fixture('buttonsTestPatterns').then(buttons => {\n    expect(buttonsTexts).to.deep.equal(buttons['allAddToCart']);\n  });\n});",
              "err": {
                "message": "Error: The following error originated from your application code, not from Cypress.\n\n  > Failed to add item to the cart.\n\nWhen Cypress detects uncaught errors originating from your application it will automatically fail the current test.\n\nThis behavior is configurable, and you can choose to turn this off by listening to the `uncaught:exception` event.\n\nhttps://on.cypress.io/uncaught-exception-from-application",
                "estack": "Error: The following error originated from your application code, not from Cypress.\n\n  > Failed to add item to the cart.\n\nWhen Cypress detects uncaught errors originating from your application it will automatically fail the current test.\n\nThis behavior is configurable, and you can choose to turn this off by listening to the `uncaught:exception` event.\n\nhttps://on.cypress.io/uncaught-exception-from-application\n    at <unknown> (https://www.saucedemo.com/static/js/main.018d2d1e.chunk.js:1:48083)\n    at r (https://www.saucedemo.com/static/js/main.018d2d1e.chunk.js:1:48147)\n    at Object.He (https://www.saucedemo.com/static/js/2.84a5cbf3.chunk.js:2:388533)\n    at Ye (https://www.saucedemo.com/static/js/2.84a5cbf3.chunk.js:2:388687)\n    at <unknown> (https://www.saucedemo.com/static/js/2.84a5cbf3.chunk.js:2:406912)\n    at Cr (https://www.saucedemo.com/static/js/2.84a5cbf3.chunk.js:2:407006)\n    at Tr (https://www.saucedemo.com/static/js/2.84a5cbf3.chunk.js:2:407421)\n    at <unknown> (https://www.saucedemo.com/static/js/2.84a5cbf3.chunk.js:2:413069)\n    at Fe (https://www.saucedemo.com/static/js/2.84a5cbf3.chunk.js:2:488790)\n    at <unknown> (https://www.saucedemo.com/static/js/2.84a5cbf3.chunk.js:2:408889)",
                "diff": null
              },
              "uuid": "3a1682fd-bd79-46b6-90ff-96c9eb2dcd94",
              "parentUUID": "a85b5510-859d-4aad-84f1-49ddbf12b3bb",
              "isHook": false,
              "skipped": false
            }
          ],
          "suites": [],
          "passes": [
            "ddb1470d-137b-4ec4-b251-d20970f98c4c"
          ],
          "failures": [
            "c7ca08cd-5388-43da-a516-5175e98fbb14",
            "e4963df5-33ec-45c3-986f-15eb497f34ce",
            "8fa305fc-fdf7-45e7-844a-0f71b6ad7ca1",
            "883eacd1-fba6-4cc4-a9da-db2a794d82fc",
            "7f3094d8-9169-487a-8e31-564dc5cd1f5d",
            "39e6312d-06f4-4824-bbcb-0ecac0f422d9",
            "6ebcd713-d639-45d9-bb7c-f205defab497",
            "3a1682fd-bd79-46b6-90ff-96c9eb2dcd94"
          ],
          "pending": [],
          "skipped": [],
          "duration": 8562,
          "root": false,
          "rootEmpty": false,
          "_timeout": 2000
        }
      ],
      "passes": [],
      "failures": [],
      "pending": [],
      "skipped": [],
      "duration": 0,
      "root": true,
      "rootEmpty": true,
      "_timeout": 2000
    },
    {
      "uuid": "0433b710-1540-4b5d-86cf-f068da712eee",
      "title": "",
      "fullFile": "cypress/e2e/error/navigation/navigation.cy.js",
      "file": "cypress/e2e/error/navigation/navigation.cy.js",
      "beforeHooks": [],
      "afterHooks": [],
      "tests": [],
      "suites": [
        {
          "uuid": "f43da77e-0ffe-49c1-b93c-016e766f82ae",
          "title": "Test the navigation on home, cart and checkout pages",
          "fullFile": "",
          "file": "",
          "beforeHooks": [],
          "afterHooks": [],
          "tests": [
            {
              "title": "Opens a product details page",
              "fullTitle": "Test the navigation on home, cart and checkout pages Opens a product details page",
              "timedOut": null,
              "duration": 1097,
              "state": "passed",
              "speed": "fast",
              "pass": true,
              "fail": false,
              "pending": false,
              "context": null,
              "code": "cy.get('[data-test=\"inventory-item-name\"]').eq(0).click();\ncy.get('[data-test=\"back-to-products\"]').should('be.visible');\ncy.get('[data-test=\"back-to-products\"]').should('contain.text', 'Back to products');",
              "err": {},
              "uuid": "a76b313c-a257-4b53-9e9f-862782f179bc",
              "parentUUID": "f43da77e-0ffe-49c1-b93c-016e766f82ae",
              "isHook": false,
              "skipped": false
            },
            {
              "title": "Returns to home from the product details page",
              "fullTitle": "Test the navigation on home, cart and checkout pages Returns to home from the product details page",
              "timedOut": null,
              "duration": 988,
              "state": "passed",
              "speed": "fast",
              "pass": true,
              "fail": false,
              "pending": false,
              "context": null,
              "code": "cy.get('[data-test=\"inventory-item-name\"]').eq(0).click();\ncy.get('[data-test=\"back-to-products\"]').click();\ncy.get('[data-test=\"title\"]').should('be.visible');\ncy.get('[data-test=\"title\"]').should('contain.text', 'Products');",
              "err": {},
              "uuid": "ca2da449-83b9-4d5b-b052-3de386777f44",
              "parentUUID": "f43da77e-0ffe-49c1-b93c-016e766f82ae",
              "isHook": false,
              "skipped": false
            },
            {
              "title": "Opens the cart information page",
              "fullTitle": "Test the navigation on home, cart and checkout pages Opens the cart information page",
              "timedOut": null,
              "duration": 772,
              "state": "passed",
              "speed": "fast",
              "pass": true,
              "fail": false,
              "pending": false,
              "context": null,
              "code": "cy.get('[data-test=\"shopping-cart-link\"]').click();\ncy.get('[data-test=\"title\"]').should('contain.text', 'Your Cart');",
              "err": {},
              "uuid": "a181e16e-ac97-4c2a-aa80-e7f83199617d",
              "parentUUID": "f43da77e-0ffe-49c1-b93c-016e766f82ae",
              "isHook": false,
              "skipped": false
            },
            {
              "title": "Returns to home from the cart information page",
              "fullTitle": "Test the navigation on home, cart and checkout pages Returns to home from the cart information page",
              "timedOut": null,
              "duration": 814,
              "state": "passed",
              "speed": "fast",
              "pass": true,
              "fail": false,
              "pending": false,
              "context": null,
              "code": "cy.get('[data-test=\"shopping-cart-link\"]').click();\ncy.get('[data-test=\"continue-shopping\"]').click();\ncy.get('[data-test=\"title\"]').should('be.visible');\ncy.get('[data-test=\"title\"]').should('contain.text', 'Products');",
              "err": {},
              "uuid": "37ecef8f-ad65-4c81-a487-2c6814da3134",
              "parentUUID": "f43da77e-0ffe-49c1-b93c-016e766f82ae",
              "isHook": false,
              "skipped": false
            },
            {
              "title": "Opens the checkout information page",
              "fullTitle": "Test the navigation on home, cart and checkout pages Opens the checkout information page",
              "timedOut": null,
              "duration": 802,
              "state": "passed",
              "speed": "fast",
              "pass": true,
              "fail": false,
              "pending": false,
              "context": null,
              "code": "cy.get('[data-test=\"shopping-cart-link\"]').click();\ncy.get('[data-test=\"checkout\"]').click();\ncy.get('[data-test=\"title\"]').should('contain.text', 'Checkout: Your Information');",
              "err": {},
              "uuid": "6a312e9e-09a1-4d26-8be4-47ae9bc8b1fa",
              "parentUUID": "f43da77e-0ffe-49c1-b93c-016e766f82ae",
              "isHook": false,
              "skipped": false
            },
            {
              "title": "Returns to cart information page from checkout information page",
              "fullTitle": "Test the navigation on home, cart and checkout pages Returns to cart information page from checkout information page",
              "timedOut": null,
              "duration": 901,
              "state": "passed",
              "speed": "fast",
              "pass": true,
              "fail": false,
              "pending": false,
              "context": null,
              "code": "cy.get('[data-test=\"shopping-cart-link\"]').click();\ncy.get('[data-test=\"checkout\"]').click();\ncy.get('[data-test=\"cancel\"]').click();\ncy.get('[data-test=\"title\"]').should('contain.text', 'Your Cart');",
              "err": {},
              "uuid": "818657ec-189a-4cf3-9e03-a71673854b26",
              "parentUUID": "f43da77e-0ffe-49c1-b93c-016e766f82ae",
              "isHook": false,
              "skipped": false
            },
            {
              "title": "Opens the checkout overview page",
              "fullTitle": "Test the navigation on home, cart and checkout pages Opens the checkout overview page",
              "timedOut": null,
              "duration": 1238,
              "state": "failed",
              "speed": null,
              "pass": false,
              "fail": true,
              "pending": false,
              "context": null,
              "code": "cy.get('[data-test=\"shopping-cart-link\"]').click();\ncy.get('[data-test=\"checkout\"]').click();\ncy.fillCheckoutForm('standard');\ncy.get('[data-test=\"continue\"]').click();\ncy.get('[data-test=\"title\"]').should('contain.text', 'Checkout: Overview');",
              "err": {
                "message": "TypeError: The following error originated from your application code, not from Cypress.\n\n  > Cannot read properties of undefined (reading 'value')\n\nWhen Cypress detects uncaught errors originating from your application it will automatically fail the current test.\n\nThis behavior is configurable, and you can choose to turn this off by listening to the `uncaught:exception` event.\n\nhttps://on.cypress.io/uncaught-exception-from-application",
                "estack": "TypeError: The following error originated from your application code, not from Cypress.\n\n  > Cannot read properties of undefined (reading 'value')\n\nWhen Cypress detects uncaught errors originating from your application it will automatically fail the current test.\n\nThis behavior is configurable, and you can choose to turn this off by listening to the `uncaught:exception` event.\n\nhttps://on.cypress.io/uncaught-exception-from-application\n    at onChange (https://www.saucedemo.com/static/js/main.018d2d1e.chunk.js:1:43450)\n    at Object.He (https://www.saucedemo.com/static/js/2.84a5cbf3.chunk.js:2:388533)\n    at Ye (https://www.saucedemo.com/static/js/2.84a5cbf3.chunk.js:2:388687)\n    at <unknown> (https://www.saucedemo.com/static/js/2.84a5cbf3.chunk.js:2:406912)\n    at Cr (https://www.saucedemo.com/static/js/2.84a5cbf3.chunk.js:2:407006)\n    at Tr (https://www.saucedemo.com/static/js/2.84a5cbf3.chunk.js:2:407421)\n    at <unknown> (https://www.saucedemo.com/static/js/2.84a5cbf3.chunk.js:2:413069)\n    at Fe (https://www.saucedemo.com/static/js/2.84a5cbf3.chunk.js:2:488790)\n    at <unknown> (https://www.saucedemo.com/static/js/2.84a5cbf3.chunk.js:2:408889)\n    at Nr (https://www.saucedemo.com/static/js/2.84a5cbf3.chunk.js:2:408919)",
                "diff": null
              },
              "uuid": "863d7ab4-610d-4c36-b806-a9db83c4fd5d",
              "parentUUID": "f43da77e-0ffe-49c1-b93c-016e766f82ae",
              "isHook": false,
              "skipped": false
            },
            {
              "title": "Returns to the main page from the checkout overview page",
              "fullTitle": "Test the navigation on home, cart and checkout pages Returns to the main page from the checkout overview page",
              "timedOut": null,
              "duration": 1227,
              "state": "failed",
              "speed": null,
              "pass": false,
              "fail": true,
              "pending": false,
              "context": null,
              "code": "cy.get('[data-test=\"shopping-cart-link\"]').click();\ncy.get('[data-test=\"checkout\"]').click();\ncy.fillCheckoutForm('standard');\ncy.get('[data-test=\"continue\"]').click();\ncy.get('[data-test=\"title\"]').should('contain.text', 'Checkout: Overview');\ncy.get('[data-test=\"cancel\"]').click();\ncy.get('[data-test=\"title\"]').should('contain.text', 'Products');",
              "err": {
                "message": "TypeError: The following error originated from your application code, not from Cypress.\n\n  > Cannot read properties of undefined (reading 'value')\n\nWhen Cypress detects uncaught errors originating from your application it will automatically fail the current test.\n\nThis behavior is configurable, and you can choose to turn this off by listening to the `uncaught:exception` event.\n\nhttps://on.cypress.io/uncaught-exception-from-application",
                "estack": "TypeError: The following error originated from your application code, not from Cypress.\n\n  > Cannot read properties of undefined (reading 'value')\n\nWhen Cypress detects uncaught errors originating from your application it will automatically fail the current test.\n\nThis behavior is configurable, and you can choose to turn this off by listening to the `uncaught:exception` event.\n\nhttps://on.cypress.io/uncaught-exception-from-application\n    at onChange (https://www.saucedemo.com/static/js/main.018d2d1e.chunk.js:1:43450)\n    at Object.He (https://www.saucedemo.com/static/js/2.84a5cbf3.chunk.js:2:388533)\n    at Ye (https://www.saucedemo.com/static/js/2.84a5cbf3.chunk.js:2:388687)\n    at <unknown> (https://www.saucedemo.com/static/js/2.84a5cbf3.chunk.js:2:406912)\n    at Cr (https://www.saucedemo.com/static/js/2.84a5cbf3.chunk.js:2:407006)\n    at Tr (https://www.saucedemo.com/static/js/2.84a5cbf3.chunk.js:2:407421)\n    at <unknown> (https://www.saucedemo.com/static/js/2.84a5cbf3.chunk.js:2:413069)\n    at Fe (https://www.saucedemo.com/static/js/2.84a5cbf3.chunk.js:2:488790)\n    at <unknown> (https://www.saucedemo.com/static/js/2.84a5cbf3.chunk.js:2:408889)\n    at Nr (https://www.saucedemo.com/static/js/2.84a5cbf3.chunk.js:2:408919)",
                "diff": null
              },
              "uuid": "0d2d0c14-8cfc-4261-bac9-0b1cf18057a8",
              "parentUUID": "f43da77e-0ffe-49c1-b93c-016e766f82ae",
              "isHook": false,
              "skipped": false
            },
            {
              "title": "Complete checkout",
              "fullTitle": "Test the navigation on home, cart and checkout pages Complete checkout",
              "timedOut": null,
              "duration": 1217,
              "state": "failed",
              "speed": null,
              "pass": false,
              "fail": true,
              "pending": false,
              "context": null,
              "code": "cy.get('[data-test=\"shopping-cart-link\"]').click();\ncy.get('[data-test=\"checkout\"]').click();\ncy.fillCheckoutForm('standard');\ncy.get('[data-test=\"continue\"]').click();\ncy.get('[data-test=\"title\"]').should('contain.text', 'Checkout: Overview');\ncy.get('[data-test=\"finish\"]').click();\ncy.get('[data-test=\"title\"]').should('contain.text', 'Checkout: Complete!');",
              "err": {
                "message": "TypeError: The following error originated from your application code, not from Cypress.\n\n  > Cannot read properties of undefined (reading 'value')\n\nWhen Cypress detects uncaught errors originating from your application it will automatically fail the current test.\n\nThis behavior is configurable, and you can choose to turn this off by listening to the `uncaught:exception` event.\n\nhttps://on.cypress.io/uncaught-exception-from-application",
                "estack": "TypeError: The following error originated from your application code, not from Cypress.\n\n  > Cannot read properties of undefined (reading 'value')\n\nWhen Cypress detects uncaught errors originating from your application it will automatically fail the current test.\n\nThis behavior is configurable, and you can choose to turn this off by listening to the `uncaught:exception` event.\n\nhttps://on.cypress.io/uncaught-exception-from-application\n    at onChange (https://www.saucedemo.com/static/js/main.018d2d1e.chunk.js:1:43450)\n    at Object.He (https://www.saucedemo.com/static/js/2.84a5cbf3.chunk.js:2:388533)\n    at Ye (https://www.saucedemo.com/static/js/2.84a5cbf3.chunk.js:2:388687)\n    at <unknown> (https://www.saucedemo.com/static/js/2.84a5cbf3.chunk.js:2:406912)\n    at Cr (https://www.saucedemo.com/static/js/2.84a5cbf3.chunk.js:2:407006)\n    at Tr (https://www.saucedemo.com/static/js/2.84a5cbf3.chunk.js:2:407421)\n    at <unknown> (https://www.saucedemo.com/static/js/2.84a5cbf3.chunk.js:2:413069)\n    at Fe (https://www.saucedemo.com/static/js/2.84a5cbf3.chunk.js:2:488790)\n    at <unknown> (https://www.saucedemo.com/static/js/2.84a5cbf3.chunk.js:2:408889)\n    at Nr (https://www.saucedemo.com/static/js/2.84a5cbf3.chunk.js:2:408919)",
                "diff": null
              },
              "uuid": "fdb2e5f6-0977-44f1-80a2-c562ea97f7a8",
              "parentUUID": "f43da77e-0ffe-49c1-b93c-016e766f82ae",
              "isHook": false,
              "skipped": false
            },
            {
              "title": "Complete checkout and back home",
              "fullTitle": "Test the navigation on home, cart and checkout pages Complete checkout and back home",
              "timedOut": null,
              "duration": 1212,
              "state": "failed",
              "speed": null,
              "pass": false,
              "fail": true,
              "pending": false,
              "context": null,
              "code": "cy.get('[data-test=\"shopping-cart-link\"]').click();\ncy.get('[data-test=\"checkout\"]').click();\ncy.fillCheckoutForm('standard');\ncy.get('[data-test=\"continue\"]').click();\ncy.get('[data-test=\"title\"]').should('contain.text', 'Checkout: Overview');\ncy.get('[data-test=\"finish\"]').click();\ncy.get('[data-test=\"back-to-products\"]').click();\ncy.get('[data-test=\"title\"]').should('contain.text', 'Products');",
              "err": {
                "message": "TypeError: The following error originated from your application code, not from Cypress.\n\n  > Cannot read properties of undefined (reading 'value')\n\nWhen Cypress detects uncaught errors originating from your application it will automatically fail the current test.\n\nThis behavior is configurable, and you can choose to turn this off by listening to the `uncaught:exception` event.\n\nhttps://on.cypress.io/uncaught-exception-from-application",
                "estack": "TypeError: The following error originated from your application code, not from Cypress.\n\n  > Cannot read properties of undefined (reading 'value')\n\nWhen Cypress detects uncaught errors originating from your application it will automatically fail the current test.\n\nThis behavior is configurable, and you can choose to turn this off by listening to the `uncaught:exception` event.\n\nhttps://on.cypress.io/uncaught-exception-from-application\n    at onChange (https://www.saucedemo.com/static/js/main.018d2d1e.chunk.js:1:43450)\n    at Object.He (https://www.saucedemo.com/static/js/2.84a5cbf3.chunk.js:2:388533)\n    at Ye (https://www.saucedemo.com/static/js/2.84a5cbf3.chunk.js:2:388687)\n    at <unknown> (https://www.saucedemo.com/static/js/2.84a5cbf3.chunk.js:2:406912)\n    at Cr (https://www.saucedemo.com/static/js/2.84a5cbf3.chunk.js:2:407006)\n    at Tr (https://www.saucedemo.com/static/js/2.84a5cbf3.chunk.js:2:407421)\n    at <unknown> (https://www.saucedemo.com/static/js/2.84a5cbf3.chunk.js:2:413069)\n    at Fe (https://www.saucedemo.com/static/js/2.84a5cbf3.chunk.js:2:488790)\n    at <unknown> (https://www.saucedemo.com/static/js/2.84a5cbf3.chunk.js:2:408889)\n    at Nr (https://www.saucedemo.com/static/js/2.84a5cbf3.chunk.js:2:408919)",
                "diff": null
              },
              "uuid": "21dd54ad-4036-4bbc-a62d-bd2f32ce3706",
              "parentUUID": "f43da77e-0ffe-49c1-b93c-016e766f82ae",
              "isHook": false,
              "skipped": false
            }
          ],
          "suites": [],
          "passes": [
            "a76b313c-a257-4b53-9e9f-862782f179bc",
            "ca2da449-83b9-4d5b-b052-3de386777f44",
            "a181e16e-ac97-4c2a-aa80-e7f83199617d",
            "37ecef8f-ad65-4c81-a487-2c6814da3134",
            "6a312e9e-09a1-4d26-8be4-47ae9bc8b1fa",
            "818657ec-189a-4cf3-9e03-a71673854b26"
          ],
          "failures": [
            "863d7ab4-610d-4c36-b806-a9db83c4fd5d",
            "0d2d0c14-8cfc-4261-bac9-0b1cf18057a8",
            "fdb2e5f6-0977-44f1-80a2-c562ea97f7a8",
            "21dd54ad-4036-4bbc-a62d-bd2f32ce3706"
          ],
          "pending": [],
          "skipped": [],
          "duration": 10268,
          "root": false,
          "rootEmpty": false,
          "_timeout": 2000
        }
      ],
      "passes": [],
      "failures": [],
      "pending": [],
      "skipped": [],
      "duration": 0,
      "root": true,
      "rootEmpty": true,
      "_timeout": 2000
    },
    {
      "uuid": "ca105c43-3546-4feb-8fbb-8a037c515556",
      "title": "",
      "fullFile": "cypress/e2e/error/products/detailsCheck.cy.js",
      "file": "cypress/e2e/error/products/detailsCheck.cy.js",
      "beforeHooks": [],
      "afterHooks": [],
      "tests": [],
      "suites": [
        {
          "uuid": "548e5988-462e-4ac1-859b-62f11b1b1cf6",
          "title": "Test if the products informations are the same as expected",
          "fullFile": "",
          "file": "",
          "beforeHooks": [],
          "afterHooks": [],
          "tests": [
            {
              "title": "Checks if all products informations at home are the same as the fixture productsInformations",
              "fullTitle": "Test if the products informations are the same as expected Checks if all products informations at home are the same as the fixture productsInformations",
              "timedOut": null,
              "duration": 1099,
              "state": "passed",
              "speed": "fast",
              "pass": true,
              "fail": false,
              "pending": false,
              "context": null,
              "code": "let itemInfoHome = [];\ncy.filterItems('inventory-list', itemInfoHome);\ncy.fixture('productsInformations').then(data => {\n  expect(itemInfoHome).to.deep.equal(data);\n});",
              "err": {},
              "uuid": "7b9d1424-e622-41ef-9862-a8a0c11b1f8f",
              "parentUUID": "548e5988-462e-4ac1-859b-62f11b1b1cf6",
              "isHook": false,
              "skipped": false
            },
            {
              "title": "Checks if all products details inside each product page are the same as in the fixture productsInformations",
              "fullTitle": "Test if the products informations are the same as expected Checks if all products details inside each product page are the same as in the fixture productsInformations",
              "timedOut": null,
              "duration": 1042,
              "state": "failed",
              "speed": null,
              "pass": false,
              "fail": true,
              "pending": false,
              "context": null,
              "code": "let itemInfoHome = [];\ncy.filterItems('inventory-list', itemInfoHome);\ncy.fixture('productsInformations').then(data => {\n  for (let i = 0; i < itemInfoHome.length; i++) {\n    let testItem = [];\n    cy.contains(itemInfoHome[i].name).click();\n    cy.filterItem('inventory-container', testItem).then(() => {\n      expect(data[i]).to.deep.equal(testItem[0]);\n      cy.get('[data-test=\"back-to-products\"]').click();\n    });\n  }\n});",
              "err": {
                "message": "AssertionError: expected { Object (name, description, ...) } to deeply equal { Object (name, description, ...) }",
                "estack": "AssertionError: expected { Object (name, description, ...) } to deeply equal { Object (name, description, ...) }\n    at Context.eval (webpack://teste-bix/./cypress/e2e/error/products/detailsCheck.cy.js:29:48)",
                "diff": " { name: 'Sauce Labs Backpack',\n-   description: 'carry.allTheThings() with the sleek, streamlined Sly Pack that melds uncompromising style with unequaled laptop and tablet protection.',\n+   description: 'A description should be here, but it failed to render! This error has been reported to Backtrace.',\n   price: 29.99 }\n"
              },
              "uuid": "93dd2eca-09e7-4c3d-b9b0-f3f6d7eb72da",
              "parentUUID": "548e5988-462e-4ac1-859b-62f11b1b1cf6",
              "isHook": false,
              "skipped": false
            },
            {
              "title": "Checks if all products details inside the cart page are the same as in the fixture productsInformations",
              "fullTitle": "Test if the products informations are the same as expected Checks if all products details inside the cart page are the same as in the fixture productsInformations",
              "timedOut": null,
              "duration": 810,
              "state": "failed",
              "speed": null,
              "pass": false,
              "fail": true,
              "pending": false,
              "context": null,
              "code": "let itemInfoCart = [];\ncy.addOrRemoveAllItems();\ncy.get('[data-test=\"shopping-cart-link\"]').click();\ncy.filterItems('cart-list', itemInfoCart);\ncy.fixture('productsInformations').then(data => {\n  console.log(itemInfoCart);\n  console.log(data);\n  expect(itemInfoCart).to.deep.equal(data);\n});",
              "err": {
                "message": "Error: The following error originated from your application code, not from Cypress.\n\n  > Failed to add item to the cart.\n\nWhen Cypress detects uncaught errors originating from your application it will automatically fail the current test.\n\nThis behavior is configurable, and you can choose to turn this off by listening to the `uncaught:exception` event.\n\nhttps://on.cypress.io/uncaught-exception-from-application",
                "estack": "Error: The following error originated from your application code, not from Cypress.\n\n  > Failed to add item to the cart.\n\nWhen Cypress detects uncaught errors originating from your application it will automatically fail the current test.\n\nThis behavior is configurable, and you can choose to turn this off by listening to the `uncaught:exception` event.\n\nhttps://on.cypress.io/uncaught-exception-from-application\n    at <unknown> (https://www.saucedemo.com/static/js/main.018d2d1e.chunk.js:1:48083)\n    at r (https://www.saucedemo.com/static/js/main.018d2d1e.chunk.js:1:48147)\n    at Object.He (https://www.saucedemo.com/static/js/2.84a5cbf3.chunk.js:2:388533)\n    at Ye (https://www.saucedemo.com/static/js/2.84a5cbf3.chunk.js:2:388687)\n    at <unknown> (https://www.saucedemo.com/static/js/2.84a5cbf3.chunk.js:2:406912)\n    at Cr (https://www.saucedemo.com/static/js/2.84a5cbf3.chunk.js:2:407006)\n    at Tr (https://www.saucedemo.com/static/js/2.84a5cbf3.chunk.js:2:407421)\n    at <unknown> (https://www.saucedemo.com/static/js/2.84a5cbf3.chunk.js:2:413069)\n    at Fe (https://www.saucedemo.com/static/js/2.84a5cbf3.chunk.js:2:488790)\n    at <unknown> (https://www.saucedemo.com/static/js/2.84a5cbf3.chunk.js:2:408889)",
                "diff": null
              },
              "uuid": "17c22a7b-7c1b-4057-a9de-751c669bf4a1",
              "parentUUID": "548e5988-462e-4ac1-859b-62f11b1b1cf6",
              "isHook": false,
              "skipped": false
            },
            {
              "title": "Checks if all products details inside each product page are the same as in the home page",
              "fullTitle": "Test if the products informations are the same as expected Checks if all products details inside each product page are the same as in the home page",
              "timedOut": null,
              "duration": 867,
              "state": "failed",
              "speed": null,
              "pass": false,
              "fail": true,
              "pending": false,
              "context": null,
              "code": "let itemInfoHome = [];\ncy.filterItems('inventory-list', itemInfoHome).then(() => {\n  for (let i = 0; i < itemInfoHome.length; i++) {\n    let testItem = [];\n    cy.contains(itemInfoHome[i].name).click();\n    cy.filterItem('inventory-container', testItem).then(() => {\n      expect(itemInfoHome[i]).to.deep.equal(testItem[0]);\n      cy.get('[data-test=\"back-to-products\"]').click();\n    });\n  }\n});",
              "err": {
                "message": "AssertionError: expected { Object (name, description, ...) } to deeply equal { Object (name, description, ...) }",
                "estack": "AssertionError: expected { Object (name, description, ...) } to deeply equal { Object (name, description, ...) }\n    at Context.eval (webpack://teste-bix/./cypress/e2e/error/products/detailsCheck.cy.js:64:56)",
                "diff": " { name: 'Sauce Labs Backpack',\n-   description: 'carry.allTheThings() with the sleek, streamlined Sly Pack that melds uncompromising style with unequaled laptop and tablet protection.',\n+   description: 'A description should be here, but it failed to render! This error has been reported to Backtrace.',\n   price: 29.99 }\n"
              },
              "uuid": "b4f6a2f8-a55a-401a-a8a5-944607979dd7",
              "parentUUID": "548e5988-462e-4ac1-859b-62f11b1b1cf6",
              "isHook": false,
              "skipped": false
            },
            {
              "title": "Checks if the products inside the cart have the same information as in the home page",
              "fullTitle": "Test if the products informations are the same as expected Checks if the products inside the cart have the same information as in the home page",
              "timedOut": null,
              "duration": 795,
              "state": "failed",
              "speed": null,
              "pass": false,
              "fail": true,
              "pending": false,
              "context": null,
              "code": "let itemInfoHome = [];\nlet itemInfoCart = [];\ncy.filterItems('inventory-list', itemInfoHome).then(() => {\n  console.log(itemInfoHome);\n});\ncy.addOrRemoveAllItems();\ncy.get('[data-test=\"shopping-cart-link\"]').click();\ncy.filterItems('cart-list', itemInfoCart).then(() => {\n  console.log(itemInfoCart);\n  expect(itemInfoCart).to.deep.equal(itemInfoHome);\n});",
              "err": {
                "message": "Error: The following error originated from your application code, not from Cypress.\n\n  > Failed to add item to the cart.\n\nWhen Cypress detects uncaught errors originating from your application it will automatically fail the current test.\n\nThis behavior is configurable, and you can choose to turn this off by listening to the `uncaught:exception` event.\n\nhttps://on.cypress.io/uncaught-exception-from-application",
                "estack": "Error: The following error originated from your application code, not from Cypress.\n\n  > Failed to add item to the cart.\n\nWhen Cypress detects uncaught errors originating from your application it will automatically fail the current test.\n\nThis behavior is configurable, and you can choose to turn this off by listening to the `uncaught:exception` event.\n\nhttps://on.cypress.io/uncaught-exception-from-application\n    at <unknown> (https://www.saucedemo.com/static/js/main.018d2d1e.chunk.js:1:48083)\n    at r (https://www.saucedemo.com/static/js/main.018d2d1e.chunk.js:1:48147)\n    at Object.He (https://www.saucedemo.com/static/js/2.84a5cbf3.chunk.js:2:388533)\n    at Ye (https://www.saucedemo.com/static/js/2.84a5cbf3.chunk.js:2:388687)\n    at <unknown> (https://www.saucedemo.com/static/js/2.84a5cbf3.chunk.js:2:406912)\n    at Cr (https://www.saucedemo.com/static/js/2.84a5cbf3.chunk.js:2:407006)\n    at Tr (https://www.saucedemo.com/static/js/2.84a5cbf3.chunk.js:2:407421)\n    at <unknown> (https://www.saucedemo.com/static/js/2.84a5cbf3.chunk.js:2:413069)\n    at Fe (https://www.saucedemo.com/static/js/2.84a5cbf3.chunk.js:2:488790)\n    at <unknown> (https://www.saucedemo.com/static/js/2.84a5cbf3.chunk.js:2:408889)",
                "diff": null
              },
              "uuid": "c5ebc85b-3539-497f-99c0-d2750ab4b8c1",
              "parentUUID": "548e5988-462e-4ac1-859b-62f11b1b1cf6",
              "isHook": false,
              "skipped": false
            },
            {
              "title": "Checks if the products inside the cart have the same information as in the products pages",
              "fullTitle": "Test if the products informations are the same as expected Checks if the products inside the cart have the same information as in the products pages",
              "timedOut": null,
              "duration": 812,
              "state": "failed",
              "speed": null,
              "pass": false,
              "fail": true,
              "pending": false,
              "context": null,
              "code": "let itemInfoCart = [];\ncy.addOrRemoveAllItems();\ncy.get('[data-test=\"shopping-cart-link\"]').click();\ncy.filterItems('cart-list', itemInfoCart).then(() => {\n  cy.get('[data-test=\"continue-shopping\"]').click();\n  for (let i = 0; i < itemInfoCart.length; i++) {\n    let testItem = [];\n    cy.contains(itemInfoCart[i].name).click();\n    cy.filterItem('inventory-container', testItem).then(() => {\n      expect(itemInfoCart[i]).to.deep.equal(testItem[0]);\n      cy.get('[data-test=\"back-to-products\"]').click();\n    });\n  }\n});",
              "err": {
                "message": "Error: The following error originated from your application code, not from Cypress.\n\n  > Failed to add item to the cart.\n\nWhen Cypress detects uncaught errors originating from your application it will automatically fail the current test.\n\nThis behavior is configurable, and you can choose to turn this off by listening to the `uncaught:exception` event.\n\nhttps://on.cypress.io/uncaught-exception-from-application",
                "estack": "Error: The following error originated from your application code, not from Cypress.\n\n  > Failed to add item to the cart.\n\nWhen Cypress detects uncaught errors originating from your application it will automatically fail the current test.\n\nThis behavior is configurable, and you can choose to turn this off by listening to the `uncaught:exception` event.\n\nhttps://on.cypress.io/uncaught-exception-from-application\n    at <unknown> (https://www.saucedemo.com/static/js/main.018d2d1e.chunk.js:1:48083)\n    at r (https://www.saucedemo.com/static/js/main.018d2d1e.chunk.js:1:48147)\n    at Object.He (https://www.saucedemo.com/static/js/2.84a5cbf3.chunk.js:2:388533)\n    at Ye (https://www.saucedemo.com/static/js/2.84a5cbf3.chunk.js:2:388687)\n    at <unknown> (https://www.saucedemo.com/static/js/2.84a5cbf3.chunk.js:2:406912)\n    at Cr (https://www.saucedemo.com/static/js/2.84a5cbf3.chunk.js:2:407006)\n    at Tr (https://www.saucedemo.com/static/js/2.84a5cbf3.chunk.js:2:407421)\n    at <unknown> (https://www.saucedemo.com/static/js/2.84a5cbf3.chunk.js:2:413069)\n    at Fe (https://www.saucedemo.com/static/js/2.84a5cbf3.chunk.js:2:488790)\n    at <unknown> (https://www.saucedemo.com/static/js/2.84a5cbf3.chunk.js:2:408889)",
                "diff": null
              },
              "uuid": "d5477be0-292c-4cc3-aa06-0718a8b77e27",
              "parentUUID": "548e5988-462e-4ac1-859b-62f11b1b1cf6",
              "isHook": false,
              "skipped": false
            }
          ],
          "suites": [],
          "passes": [
            "7b9d1424-e622-41ef-9862-a8a0c11b1f8f"
          ],
          "failures": [
            "93dd2eca-09e7-4c3d-b9b0-f3f6d7eb72da",
            "17c22a7b-7c1b-4057-a9de-751c669bf4a1",
            "b4f6a2f8-a55a-401a-a8a5-944607979dd7",
            "c5ebc85b-3539-497f-99c0-d2750ab4b8c1",
            "d5477be0-292c-4cc3-aa06-0718a8b77e27"
          ],
          "pending": [],
          "skipped": [],
          "duration": 5425,
          "root": false,
          "rootEmpty": false,
          "_timeout": 2000
        }
      ],
      "passes": [],
      "failures": [],
      "pending": [],
      "skipped": [],
      "duration": 0,
      "root": true,
      "rootEmpty": true,
      "_timeout": 2000
    },
    {
      "uuid": "15e69aa8-1151-47d5-a448-570e0a572506",
      "title": "",
      "fullFile": "cypress/e2e/error/products/priceCheck.cy.js",
      "file": "cypress/e2e/error/products/priceCheck.cy.js",
      "beforeHooks": [],
      "afterHooks": [],
      "tests": [],
      "suites": [
        {
          "uuid": "22807536-6ec6-474b-8210-b8ad78b83df9",
          "title": "Test if the prices are shown correctly through the shopping proccess",
          "fullFile": "",
          "file": "",
          "beforeHooks": [],
          "afterHooks": [],
          "tests": [
            {
              "title": "Tests if the sum of prices from selected products are the same as in the checkout",
              "fullTitle": "Test if the prices are shown correctly through the shopping proccess Tests if the sum of prices from selected products are the same as in the checkout",
              "timedOut": null,
              "duration": 1167,
              "state": "failed",
              "speed": null,
              "pass": false,
              "fail": true,
              "pending": false,
              "context": null,
              "code": "let homeItemsList = [];\nlet cartItemsList = [];\nlet totalHomePrice;\nlet totalCartPrice;\ncy.addOrRemoveAllItems();\ncy.filterItems('inventory-list', homeItemsList).then(() => {\n  totalHomePrice = homeItemsList.reduce((accumulator, item) => {\n    return accumulator + item.price;\n  }, 0);\n});\ncy.get('[data-test=\"shopping-cart-link\"]').click();\ncy.get('[data-test=\"checkout\"]').click();\ncy.fillCheckoutForm('standard');\ncy.get('[data-test=\"continue\"]').click();\ncy.filterItems('cart-list', cartItemsList).then(() => {\n  totalCartPrice = cartItemsList.reduce((accumulator, item) => {\n    return accumulator + item.price;\n  }, 0);\n  expect(totalCartPrice).to.deep.equal(totalHomePrice);\n});\ncy.get('[data-test=\"subtotal-label\"]').then($value => {\n  const subtotalText = Cypress.$($value).text().trim();\n  const subtotal = parseFloat(subtotalText.replace('Item total: $', ''));\n  expect(subtotal).to.deep.equal(totalHomePrice);\n  expect(subtotal).to.deep.equal(totalCartPrice);\n});",
              "err": {
                "message": "Error: The following error originated from your application code, not from Cypress.\n\n  > Failed to add item to the cart.\n\nWhen Cypress detects uncaught errors originating from your application it will automatically fail the current test.\n\nThis behavior is configurable, and you can choose to turn this off by listening to the `uncaught:exception` event.\n\nhttps://on.cypress.io/uncaught-exception-from-application",
                "estack": "Error: The following error originated from your application code, not from Cypress.\n\n  > Failed to add item to the cart.\n\nWhen Cypress detects uncaught errors originating from your application it will automatically fail the current test.\n\nThis behavior is configurable, and you can choose to turn this off by listening to the `uncaught:exception` event.\n\nhttps://on.cypress.io/uncaught-exception-from-application\n    at <unknown> (https://www.saucedemo.com/static/js/main.018d2d1e.chunk.js:1:48083)\n    at r (https://www.saucedemo.com/static/js/main.018d2d1e.chunk.js:1:48147)\n    at Object.He (https://www.saucedemo.com/static/js/2.84a5cbf3.chunk.js:2:388533)\n    at Ye (https://www.saucedemo.com/static/js/2.84a5cbf3.chunk.js:2:388687)\n    at <unknown> (https://www.saucedemo.com/static/js/2.84a5cbf3.chunk.js:2:406912)\n    at Cr (https://www.saucedemo.com/static/js/2.84a5cbf3.chunk.js:2:407006)\n    at Tr (https://www.saucedemo.com/static/js/2.84a5cbf3.chunk.js:2:407421)\n    at <unknown> (https://www.saucedemo.com/static/js/2.84a5cbf3.chunk.js:2:413069)\n    at Fe (https://www.saucedemo.com/static/js/2.84a5cbf3.chunk.js:2:488790)\n    at <unknown> (https://www.saucedemo.com/static/js/2.84a5cbf3.chunk.js:2:408889)",
                "diff": null
              },
              "uuid": "3c76431d-45b4-4865-8ebf-efbbdbf7a4ac",
              "parentUUID": "22807536-6ec6-474b-8210-b8ad78b83df9",
              "isHook": false,
              "skipped": false
            },
            {
              "title": "Tests if the 8% tax is correctly calculated and being applied to the total",
              "fullTitle": "Test if the prices are shown correctly through the shopping proccess Tests if the 8% tax is correctly calculated and being applied to the total",
              "timedOut": null,
              "duration": 972,
              "state": "failed",
              "speed": null,
              "pass": false,
              "fail": true,
              "pending": false,
              "context": null,
              "code": "let homeItemsList = [];\nlet cartItemsList = [];\nlet totalHomePrice;\nlet totalCartPrice;\nlet subtotal;\ncy.addOrRemoveAllItems();\ncy.filterItems('inventory-list', homeItemsList).then(() => {\n  totalHomePrice = homeItemsList.reduce((accumulator, item) => {\n    return accumulator + item.price;\n  }, 0);\n});\ncy.get('[data-test=\"shopping-cart-link\"]').click();\ncy.get('[data-test=\"checkout\"]').click();\ncy.get('[data-test=\"firstName\"]').type('standard');\ncy.get('[data-test=\"lastName\"]').type('user');\ncy.get('[data-test=\"postalCode\"]').type('71000000');\ncy.get('[data-test=\"continue\"]').click();\ncy.filterItems('cart-list', cartItemsList).then(() => {\n  totalCartPrice = cartItemsList.reduce((accumulator, item) => {\n    return accumulator + item.price;\n  }, 0);\n  expect(totalCartPrice).to.deep.equal(totalHomePrice);\n});\ncy.get('[data-test=\"subtotal-label\"]').then($value => {\n  const subtotalText = Cypress.$($value).text().trim();\n  subtotal = parseFloat(subtotalText.replace('Item total: $', ''));\n  expect(subtotal).to.deep.equal(totalHomePrice);\n  expect(subtotal).to.deep.equal(totalCartPrice);\n});\ncy.get('[data-test=\"tax-label\"]').then($value => {\n  const taxText = Cypress.$($value).text().trim();\n  const tax = parseFloat(taxText.replace('Tax: $', ''));\n  const expectedTax = parseFloat((subtotal * (8 / 100)).toFixed(2));\n  const expectedHomeTax = parseFloat((totalHomePrice * (8 / 100)).toFixed(2));\n  const expectedCartTax = parseFloat((totalCartPrice * (8 / 100)).toFixed(2));\n  expect(tax).to.equal(expectedTax);\n  expect(tax).to.equal(expectedHomeTax);\n  expect(tax).to.equal(expectedCartTax);\n});",
              "err": {
                "message": "Error: The following error originated from your application code, not from Cypress.\n\n  > Failed to add item to the cart.\n\nWhen Cypress detects uncaught errors originating from your application it will automatically fail the current test.\n\nThis behavior is configurable, and you can choose to turn this off by listening to the `uncaught:exception` event.\n\nhttps://on.cypress.io/uncaught-exception-from-application",
                "estack": "Error: The following error originated from your application code, not from Cypress.\n\n  > Failed to add item to the cart.\n\nWhen Cypress detects uncaught errors originating from your application it will automatically fail the current test.\n\nThis behavior is configurable, and you can choose to turn this off by listening to the `uncaught:exception` event.\n\nhttps://on.cypress.io/uncaught-exception-from-application\n    at <unknown> (https://www.saucedemo.com/static/js/main.018d2d1e.chunk.js:1:48083)\n    at r (https://www.saucedemo.com/static/js/main.018d2d1e.chunk.js:1:48147)\n    at Object.He (https://www.saucedemo.com/static/js/2.84a5cbf3.chunk.js:2:388533)\n    at Ye (https://www.saucedemo.com/static/js/2.84a5cbf3.chunk.js:2:388687)\n    at <unknown> (https://www.saucedemo.com/static/js/2.84a5cbf3.chunk.js:2:406912)\n    at Cr (https://www.saucedemo.com/static/js/2.84a5cbf3.chunk.js:2:407006)\n    at Tr (https://www.saucedemo.com/static/js/2.84a5cbf3.chunk.js:2:407421)\n    at <unknown> (https://www.saucedemo.com/static/js/2.84a5cbf3.chunk.js:2:413069)\n    at Fe (https://www.saucedemo.com/static/js/2.84a5cbf3.chunk.js:2:488790)\n    at <unknown> (https://www.saucedemo.com/static/js/2.84a5cbf3.chunk.js:2:408889)",
                "diff": null
              },
              "uuid": "0ae7a2a0-9bbc-431e-9796-c7d1ec1a9f65",
              "parentUUID": "22807536-6ec6-474b-8210-b8ad78b83df9",
              "isHook": false,
              "skipped": false
            },
            {
              "title": "Tests if the final value corresponds to the sum of total/subtotal and tax",
              "fullTitle": "Test if the prices are shown correctly through the shopping proccess Tests if the final value corresponds to the sum of total/subtotal and tax",
              "timedOut": null,
              "duration": 780,
              "state": "failed",
              "speed": null,
              "pass": false,
              "fail": true,
              "pending": false,
              "context": null,
              "code": "let homeItemsList = [];\nlet cartItemsList = [];\nlet totalHomePrice;\nlet totalCartPrice;\nlet subtotal;\nlet expectedTax;\ncy.addOrRemoveAllItems();\ncy.filterItems('inventory-list', homeItemsList).then(() => {\n  totalHomePrice = homeItemsList.reduce((accumulator, item) => {\n    return accumulator + item.price;\n  }, 0);\n});\ncy.get('[data-test=\"shopping-cart-link\"]').click();\ncy.get('[data-test=\"checkout\"]').click();\ncy.get('[data-test=\"firstName\"]').type('standard');\ncy.get('[data-test=\"lastName\"]').type('user');\ncy.get('[data-test=\"postalCode\"]').type('71000000');\ncy.get('[data-test=\"continue\"]').click();\ncy.filterItems('cart-list', cartItemsList).then(() => {\n  totalCartPrice = cartItemsList.reduce((accumulator, item) => {\n    return accumulator + item.price;\n  }, 0);\n  expect(totalCartPrice).to.deep.equal(totalHomePrice);\n});\ncy.get('[data-test=\"subtotal-label\"]').then($value => {\n  const subtotalText = Cypress.$($value).text().trim();\n  subtotal = parseFloat(subtotalText.replace('Item total: $', ''));\n  expect(subtotal).to.deep.equal(totalHomePrice);\n  expect(subtotal).to.deep.equal(totalCartPrice);\n});\ncy.get('[data-test=\"tax-label\"]').then($value => {\n  const taxText = Cypress.$($value).text().trim();\n  const tax = parseFloat(taxText.replace('Tax: $', ''));\n  expectedTax = parseFloat((subtotal * (8 / 100)).toFixed(2));\n  expect(tax).to.equal(expectedTax);\n});\ncy.get('[data-test=\"total-label\"]').then($value => {\n  const finalPriceText = Cypress.$($value).text().trim();\n  const finalPrice = parseFloat(finalPriceText.replace('Total: $', ''));\n  const finalHomePrice = totalHomePrice + expectedTax;\n  const finalCartPrice = totalCartPrice + expectedTax;\n  expect(finalPrice).to.equal(finalHomePrice);\n  expect(finalPrice).to.equal(finalCartPrice);\n});",
              "err": {
                "message": "Error: The following error originated from your application code, not from Cypress.\n\n  > Failed to add item to the cart.\n\nWhen Cypress detects uncaught errors originating from your application it will automatically fail the current test.\n\nThis behavior is configurable, and you can choose to turn this off by listening to the `uncaught:exception` event.\n\nhttps://on.cypress.io/uncaught-exception-from-application",
                "estack": "Error: The following error originated from your application code, not from Cypress.\n\n  > Failed to add item to the cart.\n\nWhen Cypress detects uncaught errors originating from your application it will automatically fail the current test.\n\nThis behavior is configurable, and you can choose to turn this off by listening to the `uncaught:exception` event.\n\nhttps://on.cypress.io/uncaught-exception-from-application\n    at <unknown> (https://www.saucedemo.com/static/js/main.018d2d1e.chunk.js:1:48083)\n    at r (https://www.saucedemo.com/static/js/main.018d2d1e.chunk.js:1:48147)\n    at Object.He (https://www.saucedemo.com/static/js/2.84a5cbf3.chunk.js:2:388533)\n    at Ye (https://www.saucedemo.com/static/js/2.84a5cbf3.chunk.js:2:388687)\n    at <unknown> (https://www.saucedemo.com/static/js/2.84a5cbf3.chunk.js:2:406912)\n    at Cr (https://www.saucedemo.com/static/js/2.84a5cbf3.chunk.js:2:407006)\n    at Tr (https://www.saucedemo.com/static/js/2.84a5cbf3.chunk.js:2:407421)\n    at <unknown> (https://www.saucedemo.com/static/js/2.84a5cbf3.chunk.js:2:413069)\n    at Fe (https://www.saucedemo.com/static/js/2.84a5cbf3.chunk.js:2:488790)\n    at <unknown> (https://www.saucedemo.com/static/js/2.84a5cbf3.chunk.js:2:408889)",
                "diff": null
              },
              "uuid": "03a986e5-2f40-4a9f-a55a-b996543b6b67",
              "parentUUID": "22807536-6ec6-474b-8210-b8ad78b83df9",
              "isHook": false,
              "skipped": false
            }
          ],
          "suites": [],
          "passes": [],
          "failures": [
            "3c76431d-45b4-4865-8ebf-efbbdbf7a4ac",
            "0ae7a2a0-9bbc-431e-9796-c7d1ec1a9f65",
            "03a986e5-2f40-4a9f-a55a-b996543b6b67"
          ],
          "pending": [],
          "skipped": [],
          "duration": 2919,
          "root": false,
          "rootEmpty": false,
          "_timeout": 2000
        }
      ],
      "passes": [],
      "failures": [],
      "pending": [],
      "skipped": [],
      "duration": 0,
      "root": true,
      "rootEmpty": true,
      "_timeout": 2000
    },
    {
      "uuid": "0e6905e5-de5c-42cd-9c37-0368029a770c",
      "title": "",
      "fullFile": "cypress/e2e/error/checkout/checkout.cy.js",
      "file": "cypress/e2e/error/checkout/checkout.cy.js",
      "beforeHooks": [],
      "afterHooks": [],
      "tests": [],
      "suites": [
        {
          "uuid": "df358fe8-2b2c-4cf7-aa62-b4682e4c2291",
          "title": "Test the navigation on cart and checkout pages",
          "fullFile": "",
          "file": "",
          "beforeHooks": [],
          "afterHooks": [],
          "tests": [
            {
              "title": "Checks if the form works correctly with all information complete",
              "fullTitle": "Test the navigation on cart and checkout pages Checks if the form works correctly with all information complete",
              "timedOut": null,
              "duration": 3132,
              "state": "failed",
              "speed": null,
              "pass": false,
              "fail": true,
              "pending": false,
              "context": null,
              "code": "cy.get('[data-test=\"shopping-cart-link\"]').click();\ncy.get('[data-test=\"checkout\"]').click();\ncy.fillCheckoutForm('standard');\ncy.fixture('usersInformations').then(userInfo => {\n  cy.get('[data-test=\"firstName\"]').should('have.value', userInfo['standard']['firstName']);\n  cy.get('[data-test=\"lastName\"]').should('have.value', userInfo['standard']['lastName']);\n  cy.get('[data-test=\"postalCode\"]').should('have.value', userInfo['standard']['zip']);\n});\ncy.get('[data-test=\"continue\"]').click();\ncy.get('[data-test=\"title\"]').should('be.visible');\ncy.get('[data-test=\"title\"]').should('contain.text', 'Checkout: Overview');",
              "err": {
                "message": "TypeError: The following error originated from your application code, not from Cypress.\n\n  > Cannot read properties of undefined (reading 'value')\n\nWhen Cypress detects uncaught errors originating from your application it will automatically fail the current test.\n\nThis behavior is configurable, and you can choose to turn this off by listening to the `uncaught:exception` event.\n\nhttps://on.cypress.io/uncaught-exception-from-application",
                "estack": "TypeError: The following error originated from your application code, not from Cypress.\n\n  > Cannot read properties of undefined (reading 'value')\n\nWhen Cypress detects uncaught errors originating from your application it will automatically fail the current test.\n\nThis behavior is configurable, and you can choose to turn this off by listening to the `uncaught:exception` event.\n\nhttps://on.cypress.io/uncaught-exception-from-application\n    at onChange (https://www.saucedemo.com/static/js/main.018d2d1e.chunk.js:1:43450)\n    at Object.He (https://www.saucedemo.com/static/js/2.84a5cbf3.chunk.js:2:388533)\n    at Ye (https://www.saucedemo.com/static/js/2.84a5cbf3.chunk.js:2:388687)\n    at <unknown> (https://www.saucedemo.com/static/js/2.84a5cbf3.chunk.js:2:406912)\n    at Cr (https://www.saucedemo.com/static/js/2.84a5cbf3.chunk.js:2:407006)\n    at Tr (https://www.saucedemo.com/static/js/2.84a5cbf3.chunk.js:2:407421)\n    at <unknown> (https://www.saucedemo.com/static/js/2.84a5cbf3.chunk.js:2:413069)\n    at Fe (https://www.saucedemo.com/static/js/2.84a5cbf3.chunk.js:2:488790)\n    at <unknown> (https://www.saucedemo.com/static/js/2.84a5cbf3.chunk.js:2:408889)\n    at Nr (https://www.saucedemo.com/static/js/2.84a5cbf3.chunk.js:2:408919)",
                "diff": null
              },
              "uuid": "9629ff84-148a-4da3-9f76-51b40f7be10e",
              "parentUUID": "df358fe8-2b2c-4cf7-aa62-b4682e4c2291",
              "isHook": false,
              "skipped": false
            },
            {
              "title": "Checks if the form works correctly without any information",
              "fullTitle": "Test the navigation on cart and checkout pages Checks if the form works correctly without any information",
              "timedOut": null,
              "duration": 943,
              "state": "passed",
              "speed": "fast",
              "pass": true,
              "fail": false,
              "pending": false,
              "context": null,
              "code": "cy.get('[data-test=\"shopping-cart-link\"]').click();\ncy.get('[data-test=\"checkout\"]').click();\ncy.get('[data-test=\"continue\"]').click();\ncy.get('[data-test=\"error\"]').should('be.visible');\ncy.get('[data-test=\"error\"]').should('contain.text', 'Error: First Name is required');",
              "err": {},
              "uuid": "6b8eaf49-e782-4e39-9a44-c6024766ad20",
              "parentUUID": "df358fe8-2b2c-4cf7-aa62-b4682e4c2291",
              "isHook": false,
              "skipped": false
            },
            {
              "title": "Checks if it continues without the First Name",
              "fullTitle": "Test the navigation on cart and checkout pages Checks if it continues without the First Name",
              "timedOut": null,
              "duration": 1055,
              "state": "failed",
              "speed": null,
              "pass": false,
              "fail": true,
              "pending": false,
              "context": null,
              "code": "cy.get('[data-test=\"shopping-cart-link\"]').click();\ncy.get('[data-test=\"checkout\"]').click();\ncy.get('[data-test=\"lastName\"]').type('user');\ncy.get('[data-test=\"postalCode\"]').type('71000000');\ncy.get('[data-test=\"continue\"]').click();\ncy.get('[data-test=\"error\"]').should('be.visible');\ncy.get('[data-test=\"error\"]').should('contain.text', 'Error: First Name is required');",
              "err": {
                "message": "TypeError: The following error originated from your application code, not from Cypress.\n\n  > Cannot read properties of undefined (reading 'value')\n\nWhen Cypress detects uncaught errors originating from your application it will automatically fail the current test.\n\nThis behavior is configurable, and you can choose to turn this off by listening to the `uncaught:exception` event.\n\nhttps://on.cypress.io/uncaught-exception-from-application",
                "estack": "TypeError: The following error originated from your application code, not from Cypress.\n\n  > Cannot read properties of undefined (reading 'value')\n\nWhen Cypress detects uncaught errors originating from your application it will automatically fail the current test.\n\nThis behavior is configurable, and you can choose to turn this off by listening to the `uncaught:exception` event.\n\nhttps://on.cypress.io/uncaught-exception-from-application\n    at onChange (https://www.saucedemo.com/static/js/main.018d2d1e.chunk.js:1:43450)\n    at Object.He (https://www.saucedemo.com/static/js/2.84a5cbf3.chunk.js:2:388533)\n    at Ye (https://www.saucedemo.com/static/js/2.84a5cbf3.chunk.js:2:388687)\n    at <unknown> (https://www.saucedemo.com/static/js/2.84a5cbf3.chunk.js:2:406912)\n    at Cr (https://www.saucedemo.com/static/js/2.84a5cbf3.chunk.js:2:407006)\n    at Tr (https://www.saucedemo.com/static/js/2.84a5cbf3.chunk.js:2:407421)\n    at <unknown> (https://www.saucedemo.com/static/js/2.84a5cbf3.chunk.js:2:413069)\n    at Fe (https://www.saucedemo.com/static/js/2.84a5cbf3.chunk.js:2:488790)\n    at <unknown> (https://www.saucedemo.com/static/js/2.84a5cbf3.chunk.js:2:408889)\n    at Nr (https://www.saucedemo.com/static/js/2.84a5cbf3.chunk.js:2:408919)",
                "diff": null
              },
              "uuid": "83b660b0-0428-4db6-8768-dad4b70f1fa9",
              "parentUUID": "df358fe8-2b2c-4cf7-aa62-b4682e4c2291",
              "isHook": false,
              "skipped": false
            },
            {
              "title": "Checks if it continues without the Last Name",
              "fullTitle": "Test the navigation on cart and checkout pages Checks if it continues without the Last Name",
              "timedOut": null,
              "duration": 5558,
              "state": "failed",
              "speed": null,
              "pass": false,
              "fail": true,
              "pending": false,
              "context": null,
              "code": "cy.get('[data-test=\"shopping-cart-link\"]').click();\ncy.get('[data-test=\"checkout\"]').click();\ncy.get('[data-test=\"firstName\"]').type('standard');\ncy.get('[data-test=\"postalCode\"]').type('71000000');\ncy.get('[data-test=\"continue\"]').click();\ncy.get('[data-test=\"error\"]').should('be.visible');\ncy.get('[data-test=\"error\"]').should('contain.text', 'Error: Last Name is required');",
              "err": {
                "message": "AssertionError: Timed out retrying after 4000ms: Expected to find element: `[data-test=\"error\"]`, but never found it.",
                "estack": "AssertionError: Timed out retrying after 4000ms: Expected to find element: `[data-test=\"error\"]`, but never found it.\n    at Context.eval (webpack://teste-bix/./cypress/e2e/error/checkout/checkout.cy.js:46:38)",
                "diff": null
              },
              "uuid": "d784b6ad-5c8d-46ed-b27e-4e7d88215b63",
              "parentUUID": "df358fe8-2b2c-4cf7-aa62-b4682e4c2291",
              "isHook": false,
              "skipped": false
            },
            {
              "title": "Checks if it continues without the Zip/Postal Code",
              "fullTitle": "Test the navigation on cart and checkout pages Checks if it continues without the Zip/Postal Code",
              "timedOut": null,
              "duration": 1263,
              "state": "failed",
              "speed": null,
              "pass": false,
              "fail": true,
              "pending": false,
              "context": null,
              "code": "cy.get('[data-test=\"shopping-cart-link\"]').click();\ncy.get('[data-test=\"checkout\"]').click();\ncy.get('[data-test=\"firstName\"]').type('standard');\ncy.get('[data-test=\"lastName\"]').type('user');\ncy.get('[data-test=\"continue\"]').click();\ncy.get('[data-test=\"error\"]').should('be.visible');\ncy.get('[data-test=\"error\"]').should('contain.text', 'Error: Postal Code is required');",
              "err": {
                "message": "TypeError: The following error originated from your application code, not from Cypress.\n\n  > Cannot read properties of undefined (reading 'value')\n\nWhen Cypress detects uncaught errors originating from your application it will automatically fail the current test.\n\nThis behavior is configurable, and you can choose to turn this off by listening to the `uncaught:exception` event.\n\nhttps://on.cypress.io/uncaught-exception-from-application",
                "estack": "TypeError: The following error originated from your application code, not from Cypress.\n\n  > Cannot read properties of undefined (reading 'value')\n\nWhen Cypress detects uncaught errors originating from your application it will automatically fail the current test.\n\nThis behavior is configurable, and you can choose to turn this off by listening to the `uncaught:exception` event.\n\nhttps://on.cypress.io/uncaught-exception-from-application\n    at onChange (https://www.saucedemo.com/static/js/main.018d2d1e.chunk.js:1:43450)\n    at Object.He (https://www.saucedemo.com/static/js/2.84a5cbf3.chunk.js:2:388533)\n    at Ye (https://www.saucedemo.com/static/js/2.84a5cbf3.chunk.js:2:388687)\n    at <unknown> (https://www.saucedemo.com/static/js/2.84a5cbf3.chunk.js:2:406912)\n    at Cr (https://www.saucedemo.com/static/js/2.84a5cbf3.chunk.js:2:407006)\n    at Tr (https://www.saucedemo.com/static/js/2.84a5cbf3.chunk.js:2:407421)\n    at <unknown> (https://www.saucedemo.com/static/js/2.84a5cbf3.chunk.js:2:413069)\n    at Fe (https://www.saucedemo.com/static/js/2.84a5cbf3.chunk.js:2:488790)\n    at <unknown> (https://www.saucedemo.com/static/js/2.84a5cbf3.chunk.js:2:408889)\n    at Nr (https://www.saucedemo.com/static/js/2.84a5cbf3.chunk.js:2:408919)",
                "diff": null
              },
              "uuid": "753f07f9-6367-452f-a002-a8a4be17305a",
              "parentUUID": "df358fe8-2b2c-4cf7-aa62-b4682e4c2291",
              "isHook": false,
              "skipped": false
            }
          ],
          "suites": [],
          "passes": [
            "6b8eaf49-e782-4e39-9a44-c6024766ad20"
          ],
          "failures": [
            "9629ff84-148a-4da3-9f76-51b40f7be10e",
            "83b660b0-0428-4db6-8768-dad4b70f1fa9",
            "d784b6ad-5c8d-46ed-b27e-4e7d88215b63",
            "753f07f9-6367-452f-a002-a8a4be17305a"
          ],
          "pending": [],
          "skipped": [],
          "duration": 11951,
          "root": false,
          "rootEmpty": false,
          "_timeout": 2000
        }
      ],
      "passes": [],
      "failures": [],
      "pending": [],
      "skipped": [],
      "duration": 0,
      "root": true,
      "rootEmpty": true,
      "_timeout": 2000
    }
  ],
  "meta": {
    "mocha": {
      "version": "7.0.1"
    },
    "mochawesome": {
      "options": {
        "quiet": false,
        "reportFilename": "mochawesome",
        "saveHtml": false,
        "saveJson": true,
        "consoleReporter": "spec",
        "useInlineDiffs": false,
        "code": true
      },
      "version": "7.1.3"
    },
    "marge": {
      "options": {
        "reportDir": "report/json",
        "overwrite": false,
        "html": false,
        "json": true
      },
      "version": "6.2.0"
    }
  }
}